2025-02-24 16:52:19,713 - FamilyPlanningScraper - INFO - Initializing session by accessing https://elmis.dgfp.gov.bd/dgfplmis_reports/sdpdataviewer/form2_view.php
2025-02-24 16:52:22,875 - FamilyPlanningScraper - INFO - Successfully initialized session
2025-02-24 16:52:22,875 - FamilyPlanningScraper - INFO - Fetching warehouses list
2025-02-24 16:52:25,344 - FamilyPlanningScraper - INFO - Successfully parsed 23 warehouses from JavaScript
2025-02-24 16:52:25,344 - FamilyPlanningScraper - INFO - Found 23 warehouses
2025-02-24 16:52:25,404 - FamilyPlanningScraper - INFO - Date ranges: [('2020', '01'), ('2020', '02'), ('2020', '03'), ('2020', '04'), ('2020', '05'), ('2020', '06'), ('2020', '07'), ('2020', '08'), ('2020', '09'), ('2020', '10'), ('2020', '11'), ('2020', '12'), ('2021', '01'), ('2021', '02'), ('2021', '03'), ('2021', '04'), ('2021', '05'), ('2021', '06'), ('2021', '07'), ('2021', '08'), ('2021', '09'), ('2021', '10'), ('2021', '11'), ('2021', '12'), ('2022', '01'), ('2022', '02'), ('2022', '03'), ('2022', '04'), ('2022', '05'), ('2022', '06'), ('2022', '07'), ('2022', '08'), ('2022', '09'), ('2022', '10'), ('2022', '11'), ('2022', '12')]
2025-02-24 16:52:27,909 - FamilyPlanningScraper - INFO - Parsed 12 items from HTML response
2025-02-24 16:52:27,909 - FamilyPlanningScraper - INFO - Fetching data for item CON008 via API
2025-02-24 16:52:28,210 - FamilyPlanningScraper - INFO - Converted 8 rows from aaData format
2025-02-24 16:52:28,925 - FamilyPlanningScraper - INFO - Fetching data for item CON010 via API
2025-02-24 16:52:29,231 - FamilyPlanningScraper - INFO - Converted 8 rows from aaData format
2025-02-24 16:52:29,972 - FamilyPlanningScraper - INFO - Fetching data for item CON008+CON010 via API
2025-02-24 16:52:30,382 - FamilyPlanningScraper - INFO - Converted 8 rows from aaData format
2025-02-24 16:52:31,641 - FamilyPlanningScraper - INFO - Fetching data for item CON009 via API
2025-02-24 16:52:31,994 - FamilyPlanningScraper - INFO - Converted 8 rows from aaData format
2025-02-24 16:52:33,233 - FamilyPlanningScraper - INFO - Fetching data for item CON002 via API
2025-02-24 16:52:33,527 - FamilyPlanningScraper - INFO - Converted 8 rows from aaData format
2025-02-24 16:52:34,591 - FamilyPlanningScraper - INFO - Fetching data for item CON006 via API
2025-02-24 16:52:34,986 - FamilyPlanningScraper - INFO - Converted 8 rows from aaData format
2025-02-24 16:52:35,291 - FamilyPlanningScraper - INFO - Parsed 12 items from HTML response
2025-02-24 16:52:36,061 - FamilyPlanningScraper - INFO - Parsed 12 items from HTML response
2025-02-24 16:52:36,303 - FamilyPlanningScraper - INFO - Fetching data for item CON001 via API
2025-02-24 16:52:36,595 - FamilyPlanningScraper - INFO - Converted 8 rows from aaData format
2025-02-24 16:52:37,663 - FamilyPlanningScraper - INFO - Fetching data for item CON003 via API
2025-02-24 16:52:38,041 - FamilyPlanningScraper - INFO - Converted 8 rows from aaData format
2025-02-24 16:52:38,124 - FamilyPlanningScraper - INFO - Parsed 12 items from HTML response
2025-02-24 16:52:39,174 - FamilyPlanningScraper - INFO - Fetching data for item MCH021 via API
2025-02-24 16:52:39,436 - FamilyPlanningScraper - INFO - Fetching data for item CON002 via API
2025-02-24 16:52:39,455 - FamilyPlanningScraper - INFO - Converted 8 rows from aaData format
2025-02-24 16:52:39,727 - FamilyPlanningScraper - INFO - Converted 4 rows from aaData format
2025-02-24 16:52:40,340 - FamilyPlanningScraper - INFO - Fetching data for item CON006 via API
2025-02-24 16:52:40,593 - FamilyPlanningScraper - INFO - Fetching data for item CON006 via API
2025-02-24 16:52:40,627 - FamilyPlanningScraper - INFO - Converted 4 rows from aaData format
2025-02-24 16:52:40,630 - FamilyPlanningScraper - INFO - Fetching data for item MCH051 via API
2025-02-24 16:52:40,911 - FamilyPlanningScraper - INFO - Converted 4 rows from aaData format
2025-02-24 16:52:40,921 - FamilyPlanningScraper - INFO - Converted 8 rows from aaData format
2025-02-24 16:52:41,680 - FamilyPlanningScraper - INFO - Fetching data for item MCH012 via API
2025-02-24 16:52:41,687 - FamilyPlanningScraper - INFO - Fetching data for item CON001 via API
2025-02-24 16:52:42,005 - FamilyPlanningScraper - INFO - Fetching data for item CON001 via API
2025-02-24 16:52:42,016 - FamilyPlanningScraper - INFO - Converted 8 rows from aaData format
2025-02-24 16:52:42,016 - FamilyPlanningScraper - INFO - Converted 4 rows from aaData format
2025-02-24 16:52:42,848 - FamilyPlanningScraper - INFO - Fetching data for item MCH018 via API
2025-02-24 16:52:43,005 - FamilyPlanningScraper - INFO - Fetching data for item CON003 via API
2025-02-24 16:52:43,166 - FamilyPlanningScraper - INFO - Converted 8 rows from aaData format
2025-02-24 16:52:43,293 - FamilyPlanningScraper - INFO - Converted 4 rows from aaData format
2025-02-24 16:52:43,454 - FamilyPlanningScraper - INFO - Converted 4 rows from aaData format
2025-02-24 16:52:43,905 - FamilyPlanningScraper - INFO - Fetching data for item MCH021 via API
2025-02-24 16:52:44,286 - FamilyPlanningScraper - INFO - Converted 4 rows from aaData format
2025-02-24 16:52:44,638 - FamilyPlanningScraper - INFO - Fetching data for item CON003 via API
2025-02-24 16:52:45,018 - FamilyPlanningScraper - INFO - Converted 4 rows from aaData format
2025-02-24 16:52:45,545 - FamilyPlanningScraper - INFO - Fetching data for item MCH051 via API
2025-02-24 16:52:45,929 - FamilyPlanningScraper - INFO - Converted 4 rows from aaData format
2025-02-24 16:52:46,572 - FamilyPlanningScraper - INFO - Fetching data for item MCH021 via API
2025-02-24 16:52:46,957 - FamilyPlanningScraper - INFO - Parsed 12 items from HTML response
2025-02-24 16:52:46,959 - FamilyPlanningScraper - INFO - Converted 4 rows from aaData format
2025-02-24 16:52:46,961 - FamilyPlanningScraper - INFO - Fetching data for item CON008 via API
