2025-02-24 11:07:44,378 - FamilyPlanningScraper - INFO - Initializing session by accessing https://elmis.dgfp.gov.bd/dgfplmis_reports/sdpdataviewer/form2_view.php
2025-02-24 11:07:45,617 - FamilyPlanningScraper - INFO - Successfully initialized session
2025-02-24 11:07:45,618 - FamilyPlanningScraper - INFO - Fetching warehouses list
2025-02-24 11:07:47,328 - FamilyPlanningScraper - INFO - Successfully parsed 23 warehouses from JavaScript
2025-02-24 11:07:47,329 - FamilyPlanningScraper - INFO - Found 23 warehouses
2025-02-24 11:07:47,333 - FamilyPlanningScraper - INFO - Generated 97 year-month combinations to process
2025-02-24 11:07:47,334 - FamilyPlanningScraper - INFO - Using sequential processing
2025-02-24 11:07:47,334 - FamilyPlanningScraper - INFO - 
==================================================
Processing data for 2016-12
==================================================
2025-02-24 11:07:47,335 - FamilyPlanningScraper - INFO - Starting data collection for December 2016
2025-02-24 11:07:47,335 - FamilyPlanningScraper - INFO - Processing warehouse: Bandarban RWH for 2016-12
2025-02-24 11:07:47,597 - FamilyPlanningScraper - INFO - Found 7 upazilas for warehouse Bandarban RWH
2025-02-24 11:07:47,598 - FamilyPlanningScraper - INFO - Processing upazila: Alikadam, Bandarban
2025-02-24 11:07:47,862 - FamilyPlanningScraper - INFO - Found 2 unions for upazila Alikadam, Bandarban
2025-02-24 11:07:47,863 - FamilyPlanningScraper - INFO - Attempting to get data for Shukhi using API
2025-02-24 11:07:50,696 - FamilyPlanningScraper - WARNING - Request failed (attempt 1/5): 404 Client Error: Not Found for url: https://scmpbd.org/scip/lmis/form2_view_datasource.php
2025-02-24 11:07:50,697 - FamilyPlanningScraper - INFO - Waiting 1.00 seconds before retry...
2025-02-24 11:07:51,988 - FamilyPlanningScraper - WARNING - Request failed (attempt 2/5): 404 Client Error: Not Found for url: https://scmpbd.org/scip/lmis/form2_view_datasource.php
2025-02-24 11:07:51,988 - FamilyPlanningScraper - INFO - Waiting 2.81 seconds before retry...
2025-02-24 11:07:55,093 - FamilyPlanningScraper - WARNING - Request failed (attempt 3/5): 404 Client Error: Not Found for url: https://scmpbd.org/scip/lmis/form2_view_datasource.php
2025-02-24 11:07:55,094 - FamilyPlanningScraper - INFO - Waiting 4.59 seconds before retry...
2025-02-24 11:07:59,979 - FamilyPlanningScraper - WARNING - Request failed (attempt 4/5): 404 Client Error: Not Found for url: https://scmpbd.org/scip/lmis/form2_view_datasource.php
2025-02-24 11:07:59,981 - FamilyPlanningScraper - INFO - Waiting 10.72 seconds before retry...
2025-02-24 11:08:11,721 - FamilyPlanningScraper - WARNING - Request failed (attempt 5/5): 404 Client Error: Not Found for url: https://scmpbd.org/scip/lmis/form2_view_datasource.php
2025-02-24 11:08:11,722 - FamilyPlanningScraper - ERROR - Request failed after 5 attempts
2025-02-24 11:08:14,962 - FamilyPlanningScraper - INFO - Attempting to scrape item data directly from web page
2025-02-24 11:08:15,220 - FamilyPlanningScraper - WARNING - Could not find data table in HTML
2025-02-24 11:08:17,222 - FamilyPlanningScraper - INFO - Attempting to get data for Shukhi by scraping HTML
2025-02-24 11:08:17,224 - FamilyPlanningScraper - INFO - Attempting to scrape item data directly from web page
2025-02-24 11:08:17,496 - FamilyPlanningScraper - WARNING - Could not find data table in HTML
2025-02-24 11:08:19,497 - FamilyPlanningScraper - INFO - Attempting to get data for Shukhi by downloading Excel
2025-02-24 11:08:21,758 - FamilyPlanningScraper - WARNING - No data found for Shukhi in 01. Alikadam Sadar, Alikadam, Bandarban
2025-02-24 11:08:22,760 - FamilyPlanningScraper - INFO - Attempting to get data for Shukhi (3rd Gen) using API
2025-02-24 11:08:26,368 - FamilyPlanningScraper - WARNING - Request failed (attempt 1/5): 404 Client Error: Not Found for url: https://scmpbd.org/scip/lmis/form2_view_datasource.php
2025-02-24 11:08:26,369 - FamilyPlanningScraper - INFO - Waiting 1.00 seconds before retry...
2025-02-24 11:08:27,660 - FamilyPlanningScraper - WARNING - Request failed (attempt 2/5): 404 Client Error: Not Found for url: https://scmpbd.org/scip/lmis/form2_view_datasource.php
2025-02-24 11:08:27,661 - FamilyPlanningScraper - INFO - Waiting 2.94 seconds before retry...
