2025-02-24 18:36:19,692 - FamilyPlanningScraper - INFO - Initializing session by accessing https://elmis.dgfp.gov.bd/dgfplmis_reports/sdpdataviewer/form2_view.php
2025-02-24 18:36:21,153 - FamilyPlanningScraper - INFO - Successfully initialized session
2025-02-24 18:36:21,153 - FamilyPlanningScraper - INFO - Fetching warehouses list
2025-02-24 18:36:23,069 - FamilyPlanningScraper - INFO - Successfully parsed 23 warehouses from JavaScript
2025-02-24 18:36:23,070 - FamilyPlanningScraper - INFO - Found 23 warehouses
2025-02-24 18:36:23,093 - FamilyPlanningScraper - INFO - Date ranges: [('2017', '01'), ('2017', '02'), ('2017', '03'), ('2017', '04'), ('2017', '05'), ('2017', '06'), ('2017', '07'), ('2017', '08'), ('2017', '09'), ('2017', '10'), ('2017', '11'), ('2017', '12'), ('2018', '01'), ('2018', '02'), ('2018', '03'), ('2018', '04'), ('2018', '05'), ('2018', '06'), ('2018', '07'), ('2018', '08'), ('2018', '09'), ('2018', '10'), ('2018', '11'), ('2018', '12'), ('2019', '01'), ('2019', '02'), ('2019', '03'), ('2019', '04'), ('2019', '05'), ('2019', '06'), ('2019', '07'), ('2019', '08'), ('2019', '09'), ('2019', '10'), ('2019', '11'), ('2019', '12'), ('2020', '01'), ('2020', '02'), ('2020', '03'), ('2020', '04'), ('2020', '05'), ('2020', '06'), ('2020', '07'), ('2020', '08'), ('2020', '09'), ('2020', '10'), ('2020', '11'), ('2020', '12'), ('2021', '01'), ('2021', '02'), ('2021', '03'), ('2021', '04'), ('2021', '05'), ('2021', '06'), ('2021', '07'), ('2021', '08'), ('2021', '09'), ('2021', '10'), ('2021', '11'), ('2021', '12'), ('2022', '01'), ('2022', '02'), ('2022', '03'), ('2022', '04'), ('2022', '05'), ('2022', '06'), ('2022', '07'), ('2022', '08'), ('2022', '09'), ('2022', '10'), ('2022', '11'), ('2022', '12'), ('2023', '01'), ('2023', '02'), ('2023', '03'), ('2023', '04'), ('2023', '05'), ('2023', '06'), ('2023', '07'), ('2023', '08'), ('2023', '09'), ('2023', '10'), ('2023', '11'), ('2023', '12'), ('2024', '01'), ('2024', '02'), ('2024', '03'), ('2024', '04'), ('2024', '05'), ('2024', '06'), ('2024', '07'), ('2024', '08'), ('2024', '09'), ('2024', '10'), ('2024', '11'), ('2024', '12'), ('2025', '01')]
2025-02-24 18:36:27,953 - FamilyPlanningScraper - INFO - Parsed 12 items from HTML response
2025-02-24 18:36:27,953 - FamilyPlanningScraper - INFO - Fetching data for item CON008 via API
2025-02-24 18:36:28,227 - FamilyPlanningScraper - INFO - Converted 7 rows from aaData format
2025-02-24 18:36:28,895 - FamilyPlanningScraper - INFO - Fetching data for item CON010 via API
2025-02-24 18:36:29,178 - FamilyPlanningScraper - INFO - Converted 7 rows from aaData format
2025-02-24 18:36:29,827 - FamilyPlanningScraper - INFO - Fetching data for item CON008+CON010 via API
2025-02-24 18:36:30,112 - FamilyPlanningScraper - INFO - Converted 7 rows from aaData format
2025-02-24 18:36:31,534 - FamilyPlanningScraper - INFO - Fetching data for item CON009 via API
2025-02-24 18:36:31,808 - FamilyPlanningScraper - INFO - Converted 7 rows from aaData format
2025-02-24 18:36:32,469 - FamilyPlanningScraper - INFO - Fetching data for item CON002 via API
2025-02-24 18:36:32,738 - FamilyPlanningScraper - INFO - Converted 7 rows from aaData format
2025-02-24 18:36:33,507 - FamilyPlanningScraper - INFO - Fetching data for item CON006 via API
2025-02-24 18:36:33,620 - FamilyPlanningScraper - INFO - Parsed 12 items from HTML response
2025-02-24 18:36:34,276 - FamilyPlanningScraper - INFO - Parsed 12 items from HTML response
2025-02-24 18:36:34,706 - FamilyPlanningScraper - INFO - Parsed 12 items from HTML response
2025-02-24 18:36:34,864 - FamilyPlanningScraper - INFO - Converted 7 rows from aaData format
2025-02-24 18:36:35,798 - FamilyPlanningScraper - INFO - Fetching data for item CON001 via API
2025-02-24 18:36:36,079 - FamilyPlanningScraper - INFO - Converted 7 rows from aaData format
2025-02-24 18:36:36,742 - FamilyPlanningScraper - INFO - Fetching data for item CON003 via API
2025-02-24 18:36:37,012 - FamilyPlanningScraper - INFO - Converted 7 rows from aaData format
2025-02-24 18:36:37,839 - FamilyPlanningScraper - INFO - Fetching data for item MCH021 via API
2025-02-24 18:36:38,106 - FamilyPlanningScraper - INFO - Converted 7 rows from aaData format
2025-02-24 18:36:38,824 - FamilyPlanningScraper - INFO - Fetching data for item MCH051 via API
2025-02-24 18:36:39,100 - FamilyPlanningScraper - INFO - Converted 7 rows from aaData format
2025-02-24 18:36:40,608 - FamilyPlanningScraper - INFO - Fetching data for item MCH012 via API
2025-02-24 18:36:40,880 - FamilyPlanningScraper - INFO - Converted 7 rows from aaData format
2025-02-24 18:36:41,959 - FamilyPlanningScraper - INFO - Fetching data for item MCH018 via API
2025-02-24 18:36:42,232 - FamilyPlanningScraper - INFO - Converted 7 rows from aaData format
2025-02-24 18:36:43,149 - FamilyPlanningScraper - INFO - Fetching data for item MCH012 via API
2025-02-24 18:36:43,317 - FamilyPlanningScraper - INFO - Fetching data for item MCH051 via API
2025-02-24 18:36:43,421 - FamilyPlanningScraper - INFO - Converted 4 rows from aaData format
2025-02-24 18:36:43,570 - FamilyPlanningScraper - INFO - Fetching data for item MCH051 via API
2025-02-24 18:36:43,839 - FamilyPlanningScraper - INFO - Converted 4 rows from aaData format
2025-02-24 18:36:44,560 - FamilyPlanningScraper - INFO - Fetching data for item MCH018 via API
2025-02-24 18:36:44,715 - FamilyPlanningScraper - INFO - Converted 4 rows from aaData format
2025-02-24 18:36:44,837 - FamilyPlanningScraper - INFO - Converted 4 rows from aaData format
2025-02-24 18:36:45,334 - FamilyPlanningScraper - INFO - Fetching data for item MCH012 via API
2025-02-24 18:36:45,615 - FamilyPlanningScraper - INFO - Converted 4 rows from aaData format
2025-02-24 18:36:45,839 - FamilyPlanningScraper - INFO - Parsed 12 items from HTML response
2025-02-24 18:36:45,839 - FamilyPlanningScraper - INFO - Fetching data for item CON008 via API
2025-02-24 18:36:46,125 - FamilyPlanningScraper - INFO - Converted 8 rows from aaData format
2025-02-24 18:36:46,147 - FamilyPlanningScraper - INFO - Fetching data for item MCH012 via API
2025-02-24 18:36:46,204 - FamilyPlanningScraper - INFO - Fetching data for item MCH018 via API
2025-02-24 18:36:46,429 - FamilyPlanningScraper - INFO - Converted 4 rows from aaData format
2025-02-24 18:36:46,481 - FamilyPlanningScraper - INFO - Converted 4 rows from aaData format
2025-02-24 18:36:47,530 - FamilyPlanningScraper - INFO - Fetching data for item CON010 via API
2025-02-24 18:36:47,615 - FamilyPlanningScraper - INFO - Fetching data for item MCH018 via API
2025-02-24 18:36:47,807 - FamilyPlanningScraper - INFO - Converted 8 rows from aaData format
2025-02-24 18:36:47,896 - FamilyPlanningScraper - INFO - Converted 4 rows from aaData format
2025-02-24 18:36:48,532 - FamilyPlanningScraper - INFO - Fetching data for item CON008+CON010 via API
2025-02-24 18:36:48,814 - FamilyPlanningScraper - INFO - Converted 8 rows from aaData format
2025-02-24 18:36:49,253 - FamilyPlanningScraper - INFO - Parsed 12 items from HTML response
2025-02-24 18:36:49,254 - FamilyPlanningScraper - INFO - Fetching data for item CON008 via API
2025-02-24 18:36:49,429 - FamilyPlanningScraper - INFO - Fetching data for item CON009 via API
2025-02-24 18:36:49,536 - FamilyPlanningScraper - INFO - Converted 6 rows from aaData format
2025-02-24 18:36:49,708 - FamilyPlanningScraper - INFO - Converted 8 rows from aaData format
2025-02-24 18:36:50,380 - FamilyPlanningScraper - INFO - Parsed 12 items from HTML response
2025-02-24 18:36:50,380 - FamilyPlanningScraper - INFO - Fetching data for item CON008 via API
2025-02-24 18:36:50,417 - FamilyPlanningScraper - INFO - Fetching data for item CON010 via API
2025-02-24 18:36:50,658 - FamilyPlanningScraper - INFO - Converted 6 rows from aaData format
2025-02-24 18:36:50,699 - FamilyPlanningScraper - INFO - Converted 6 rows from aaData format
2025-02-24 18:36:50,834 - FamilyPlanningScraper - INFO - Fetching data for item CON002 via API
2025-02-24 18:36:51,116 - FamilyPlanningScraper - INFO - Converted 8 rows from aaData format
2025-02-24 18:36:51,492 - FamilyPlanningScraper - INFO - Fetching data for item CON008+CON010 via API
2025-02-24 18:36:51,723 - FamilyPlanningScraper - INFO - Fetching data for item CON010 via API
2025-02-24 18:36:51,773 - FamilyPlanningScraper - INFO - Converted 6 rows from aaData format
2025-02-24 18:36:51,999 - FamilyPlanningScraper - INFO - Converted 6 rows from aaData format
2025-02-24 18:36:52,447 - FamilyPlanningScraper - INFO - Parsed 12 items from HTML response
2025-02-24 18:36:52,448 - FamilyPlanningScraper - INFO - Fetching data for item CON008 via API
2025-02-24 18:36:52,535 - FamilyPlanningScraper - INFO - Fetching data for item CON006 via API
2025-02-24 18:36:52,725 - FamilyPlanningScraper - INFO - Converted 6 rows from aaData format
2025-02-24 18:36:52,819 - FamilyPlanningScraper - INFO - Converted 8 rows from aaData format
2025-02-24 18:36:53,051 - FamilyPlanningScraper - INFO - Fetching data for item CON009 via API
2025-02-24 18:36:53,336 - FamilyPlanningScraper - INFO - Converted 6 rows from aaData format
2025-02-24 18:36:53,525 - FamilyPlanningScraper - INFO - Fetching data for item CON008+CON010 via API
2025-02-24 18:36:53,808 - FamilyPlanningScraper - INFO - Converted 6 rows from aaData format
2025-02-24 18:36:54,042 - FamilyPlanningScraper - INFO - Fetching data for item CON010 via API
2025-02-24 18:36:54,254 - FamilyPlanningScraper - INFO - Fetching data for item CON001 via API
2025-02-24 18:36:54,324 - FamilyPlanningScraper - INFO - Converted 6 rows from aaData format
2025-02-24 18:36:54,464 - FamilyPlanningScraper - INFO - Fetching data for item CON009 via API
2025-02-24 18:36:54,531 - FamilyPlanningScraper - INFO - Converted 8 rows from aaData format
2025-02-24 18:36:54,746 - FamilyPlanningScraper - INFO - Converted 6 rows from aaData format
2025-02-24 18:36:54,845 - FamilyPlanningScraper - INFO - Fetching data for item CON002 via API
2025-02-24 18:36:54,976 - FamilyPlanningScraper - INFO - Fetching data for item CON008+CON010 via API
2025-02-24 18:36:55,131 - FamilyPlanningScraper - INFO - Converted 6 rows from aaData format
2025-02-24 18:36:55,197 - FamilyPlanningScraper - INFO - Fetching data for item CON003 via API
2025-02-24 18:36:55,252 - FamilyPlanningScraper - INFO - Converted 6 rows from aaData format
2025-02-24 18:36:55,478 - FamilyPlanningScraper - INFO - Converted 8 rows from aaData format
2025-02-24 18:36:55,639 - FamilyPlanningScraper - INFO - Fetching data for item CON002 via API
2025-02-24 18:36:55,921 - FamilyPlanningScraper - INFO - Converted 6 rows from aaData format
2025-02-24 18:36:56,218 - FamilyPlanningScraper - INFO - Fetching data for item CON006 via API
2025-02-24 18:36:56,448 - FamilyPlanningScraper - INFO - Fetching data for item CON009 via API
2025-02-24 18:36:56,499 - FamilyPlanningScraper - INFO - Converted 6 rows from aaData format
2025-02-24 18:36:56,727 - FamilyPlanningScraper - INFO - Converted 6 rows from aaData format
2025-02-24 18:36:56,805 - FamilyPlanningScraper - INFO - Fetching data for item MCH021 via API
2025-02-24 18:36:57,083 - FamilyPlanningScraper - INFO - Converted 8 rows from aaData format
2025-02-24 18:36:57,110 - FamilyPlanningScraper - INFO - Fetching data for item CON006 via API
2025-02-24 18:36:57,391 - FamilyPlanningScraper - INFO - Converted 6 rows from aaData format
2025-02-24 18:36:57,572 - FamilyPlanningScraper - INFO - Fetching data for item CON002 via API
2025-02-24 18:36:57,811 - FamilyPlanningScraper - INFO - Fetching data for item MCH051 via API
2025-02-24 18:36:57,850 - FamilyPlanningScraper - INFO - Converted 6 rows from aaData format
2025-02-24 18:36:57,869 - FamilyPlanningScraper - INFO - Fetching data for item CON001 via API
2025-02-24 18:36:58,094 - FamilyPlanningScraper - INFO - Converted 8 rows from aaData format
2025-02-24 18:36:58,146 - FamilyPlanningScraper - INFO - Converted 6 rows from aaData format
2025-02-24 18:36:58,805 - FamilyPlanningScraper - INFO - Fetching data for item CON006 via API
2025-02-24 18:36:58,906 - FamilyPlanningScraper - INFO - Fetching data for item CON001 via API
2025-02-24 18:36:59,082 - FamilyPlanningScraper - INFO - Converted 6 rows from aaData format
2025-02-24 18:36:59,189 - FamilyPlanningScraper - INFO - Converted 6 rows from aaData format
2025-02-24 18:36:59,391 - FamilyPlanningScraper - INFO - Fetching data for item CON003 via API
2025-02-24 18:36:59,560 - FamilyPlanningScraper - INFO - Fetching data for item MCH012 via API
2025-02-24 18:36:59,672 - FamilyPlanningScraper - INFO - Converted 6 rows from aaData format
2025-02-24 18:36:59,838 - FamilyPlanningScraper - INFO - Converted 8 rows from aaData format
2025-02-24 18:37:00,472 - FamilyPlanningScraper - INFO - Fetching data for item CON001 via API
2025-02-24 18:37:00,529 - FamilyPlanningScraper - INFO - Fetching data for item MCH021 via API
2025-02-24 18:37:00,606 - FamilyPlanningScraper - INFO - Fetching data for item MCH018 via API
2025-02-24 18:37:00,721 - FamilyPlanningScraper - INFO - Fetching data for item CON003 via API
2025-02-24 18:37:00,749 - FamilyPlanningScraper - INFO - Converted 6 rows from aaData format
2025-02-24 18:37:00,810 - FamilyPlanningScraper - INFO - Converted 6 rows from aaData format
2025-02-24 18:37:01,718 - FamilyPlanningScraper - INFO - Fetching data for item MCH051 via API
2025-02-24 18:37:02,000 - FamilyPlanningScraper - INFO - Converted 6 rows from aaData format
2025-02-24 18:37:02,054 - FamilyPlanningScraper - INFO - Converted 8 rows from aaData format
2025-02-24 18:37:02,138 - FamilyPlanningScraper - INFO - Fetching data for item CON003 via API
2025-02-24 18:37:02,168 - FamilyPlanningScraper - INFO - Converted 6 rows from aaData format
2025-02-24 18:37:02,420 - FamilyPlanningScraper - INFO - Converted 6 rows from aaData format
2025-02-24 18:37:02,600 - FamilyPlanningScraper - INFO - Fetching data for item MCH012 via API
2025-02-24 18:37:02,884 - FamilyPlanningScraper - INFO - Converted 6 rows from aaData format
2025-02-24 18:37:03,000 - FamilyPlanningScraper - INFO - Fetching data for item MCH021 via API
2025-02-24 18:37:03,285 - FamilyPlanningScraper - INFO - Converted 6 rows from aaData format
2025-02-24 18:37:03,856 - FamilyPlanningScraper - INFO - Fetching data for item MCH021 via API
2025-02-24 18:37:04,141 - FamilyPlanningScraper - INFO - Converted 6 rows from aaData format
2025-02-24 18:37:04,242 - FamilyPlanningScraper - INFO - Fetching data for item MCH018 via API
2025-02-24 18:37:04,525 - FamilyPlanningScraper - INFO - Converted 6 rows from aaData format
2025-02-24 18:37:04,604 - FamilyPlanningScraper - INFO - Fetching data for item MCH051 via API
2025-02-24 18:37:04,847 - FamilyPlanningScraper - INFO - Fetching data for item MCH051 via API
2025-02-24 18:37:04,885 - FamilyPlanningScraper - INFO - Converted 6 rows from aaData format
2025-02-24 18:37:05,128 - FamilyPlanningScraper - INFO - Converted 6 rows from aaData format
2025-02-24 18:37:05,476 - FamilyPlanningScraper - INFO - Parsed 12 items from HTML response
2025-02-24 18:37:05,477 - FamilyPlanningScraper - INFO - Fetching data for item CON008 via API
2025-02-24 18:37:05,690 - FamilyPlanningScraper - INFO - Fetching data for item MCH012 via API
2025-02-24 18:37:05,724 - FamilyPlanningScraper - INFO - Fetching data for item MCH012 via API
2025-02-24 18:37:05,759 - FamilyPlanningScraper - INFO - Converted 5 rows from aaData format
2025-02-24 18:37:05,973 - FamilyPlanningScraper - INFO - Converted 6 rows from aaData format
2025-02-24 18:37:06,006 - FamilyPlanningScraper - INFO - Converted 6 rows from aaData format
2025-02-24 18:37:06,850 - FamilyPlanningScraper - INFO - Fetching data for item MCH018 via API
2025-02-24 18:37:06,956 - FamilyPlanningScraper - INFO - Fetching data for item CON010 via API
2025-02-24 18:37:07,069 - FamilyPlanningScraper - INFO - Fetching data for item MCH018 via API
2025-02-24 18:37:07,132 - FamilyPlanningScraper - INFO - Converted 6 rows from aaData format
2025-02-24 18:37:07,239 - FamilyPlanningScraper - INFO - Converted 5 rows from aaData format
2025-02-24 18:37:07,349 - FamilyPlanningScraper - INFO - Converted 6 rows from aaData format
2025-02-24 18:37:07,806 - FamilyPlanningScraper - INFO - Fetching data for item CON008+CON010 via API
2025-02-24 18:37:07,907 - FamilyPlanningScraper - INFO - Parsed 12 items from HTML response
2025-02-24 18:37:07,909 - FamilyPlanningScraper - INFO - Fetching data for item CON008 via API
2025-02-24 18:37:08,089 - FamilyPlanningScraper - INFO - Converted 5 rows from aaData format
2025-02-24 18:37:08,196 - FamilyPlanningScraper - INFO - Converted 6 rows from aaData format
2025-02-24 18:37:08,931 - FamilyPlanningScraper - INFO - Fetching data for item CON010 via API
2025-02-24 18:37:09,087 - FamilyPlanningScraper - INFO - Fetching data for item CON009 via API
2025-02-24 18:37:09,213 - FamilyPlanningScraper - INFO - Converted 6 rows from aaData format
2025-02-24 18:37:09,369 - FamilyPlanningScraper - INFO - Converted 5 rows from aaData format
2025-02-24 18:37:09,791 - FamilyPlanningScraper - INFO - Parsed 12 items from HTML response
2025-02-24 18:37:09,792 - FamilyPlanningScraper - INFO - Fetching data for item CON008 via API
2025-02-24 18:37:10,057 - FamilyPlanningScraper - INFO - Fetching data for item CON008+CON010 via API
2025-02-24 18:37:10,074 - FamilyPlanningScraper - INFO - Converted 6 rows from aaData format
2025-02-24 18:37:10,338 - FamilyPlanningScraper - INFO - Converted 6 rows from aaData format
2025-02-24 18:37:10,378 - FamilyPlanningScraper - INFO - Parsed 12 items from HTML response
2025-02-24 18:37:10,379 - FamilyPlanningScraper - INFO - Fetching data for item CON008 via API
2025-02-24 18:37:10,590 - FamilyPlanningScraper - INFO - Fetching data for item CON002 via API
2025-02-24 18:37:10,660 - FamilyPlanningScraper - INFO - Converted 6 rows from aaData format
2025-02-24 18:37:10,735 - FamilyPlanningScraper - INFO - Fetching data for item CON010 via API
2025-02-24 18:37:10,871 - FamilyPlanningScraper - INFO - Converted 5 rows from aaData format
2025-02-24 18:37:11,017 - FamilyPlanningScraper - INFO - Converted 6 rows from aaData format
2025-02-24 18:37:11,060 - FamilyPlanningScraper - INFO - Fetching data for item CON009 via API
2025-02-24 18:37:11,342 - FamilyPlanningScraper - INFO - Converted 6 rows from aaData format
2025-02-24 18:37:11,547 - FamilyPlanningScraper - INFO - Fetching data for item CON010 via API
2025-02-24 18:37:11,830 - FamilyPlanningScraper - INFO - Converted 6 rows from aaData format
2025-02-24 18:37:12,139 - FamilyPlanningScraper - INFO - Fetching data for item CON006 via API
2025-02-24 18:37:12,169 - FamilyPlanningScraper - INFO - Fetching data for item CON002 via API
2025-02-24 18:37:12,422 - FamilyPlanningScraper - INFO - Converted 5 rows from aaData format
2025-02-24 18:37:12,450 - FamilyPlanningScraper - INFO - Converted 6 rows from aaData format
2025-02-24 18:37:12,492 - FamilyPlanningScraper - INFO - Fetching data for item CON008+CON010 via API
2025-02-24 18:37:12,772 - FamilyPlanningScraper - INFO - Converted 6 rows from aaData format
2025-02-24 18:37:13,004 - FamilyPlanningScraper - INFO - Fetching data for item CON001 via API
2025-02-24 18:37:13,069 - FamilyPlanningScraper - INFO - Fetching data for item CON008+CON010 via API
2025-02-24 18:37:13,283 - FamilyPlanningScraper - INFO - Converted 5 rows from aaData format
2025-02-24 18:37:13,350 - FamilyPlanningScraper - INFO - Converted 6 rows from aaData format
2025-02-24 18:37:13,372 - FamilyPlanningScraper - INFO - Fetching data for item CON006 via API
2025-02-24 18:37:13,415 - FamilyPlanningScraper - INFO - Fetching data for item CON009 via API
2025-02-24 18:37:13,655 - FamilyPlanningScraper - INFO - Converted 6 rows from aaData format
2025-02-24 18:37:13,696 - FamilyPlanningScraper - INFO - Converted 6 rows from aaData format
2025-02-24 18:37:13,993 - FamilyPlanningScraper - INFO - Fetching data for item CON003 via API
2025-02-24 18:37:14,012 - FamilyPlanningScraper - INFO - Fetching data for item CON009 via API
2025-02-24 18:37:14,275 - FamilyPlanningScraper - INFO - Converted 5 rows from aaData format
2025-02-24 18:37:14,294 - FamilyPlanningScraper - INFO - Converted 6 rows from aaData format
2025-02-24 18:37:14,456 - FamilyPlanningScraper - INFO - Fetching data for item CON002 via API
2025-02-24 18:37:14,482 - FamilyPlanningScraper - INFO - Fetching data for item CON001 via API
2025-02-24 18:37:14,738 - FamilyPlanningScraper - INFO - Converted 6 rows from aaData format
2025-02-24 18:37:14,763 - FamilyPlanningScraper - INFO - Converted 6 rows from aaData format
2025-02-24 18:37:15,133 - FamilyPlanningScraper - INFO - Fetching data for item CON002 via API
2025-02-24 18:37:15,251 - FamilyPlanningScraper - INFO - Fetching data for item MCH021 via API
2025-02-24 18:37:15,416 - FamilyPlanningScraper - INFO - Converted 6 rows from aaData format
2025-02-24 18:37:15,534 - FamilyPlanningScraper - INFO - Converted 5 rows from aaData format
2025-02-24 18:37:15,743 - FamilyPlanningScraper - INFO - Fetching data for item CON003 via API
2025-02-24 18:37:16,009 - FamilyPlanningScraper - INFO - Fetching data for item CON006 via API
2025-02-24 18:37:16,025 - FamilyPlanningScraper - INFO - Converted 6 rows from aaData format
2025-02-24 18:37:16,291 - FamilyPlanningScraper - INFO - Converted 6 rows from aaData format
2025-02-24 18:37:16,425 - FamilyPlanningScraper - INFO - Fetching data for item MCH051 via API
2025-02-24 18:37:16,490 - FamilyPlanningScraper - INFO - Fetching data for item CON006 via API
2025-02-24 18:37:16,698 - FamilyPlanningScraper - INFO - Converted 5 rows from aaData format
2025-02-24 18:37:16,772 - FamilyPlanningScraper - INFO - Converted 6 rows from aaData format
2025-02-24 18:37:17,129 - FamilyPlanningScraper - INFO - Fetching data for item MCH021 via API
2025-02-24 18:37:17,411 - FamilyPlanningScraper - INFO - Converted 6 rows from aaData format
2025-02-24 18:37:17,476 - FamilyPlanningScraper - INFO - Fetching data for item CON001 via API
2025-02-24 18:37:17,527 - FamilyPlanningScraper - INFO - Fetching data for item CON001 via API
2025-02-24 18:37:17,760 - FamilyPlanningScraper - INFO - Converted 6 rows from aaData format
2025-02-24 18:37:17,807 - FamilyPlanningScraper - INFO - Converted 6 rows from aaData format
2025-02-24 18:37:18,004 - FamilyPlanningScraper - INFO - Fetching data for item MCH012 via API
2025-02-24 18:37:18,284 - FamilyPlanningScraper - INFO - Converted 5 rows from aaData format
2025-02-24 18:37:18,469 - FamilyPlanningScraper - INFO - Fetching data for item CON003 via API
2025-02-24 18:37:18,752 - FamilyPlanningScraper - INFO - Converted 6 rows from aaData format
2025-02-24 18:37:18,788 - FamilyPlanningScraper - INFO - Fetching data for item MCH051 via API
2025-02-24 18:37:19,069 - FamilyPlanningScraper - INFO - Converted 6 rows from aaData format
2025-02-24 18:37:19,102 - FamilyPlanningScraper - INFO - Fetching data for item CON003 via API
2025-02-24 18:37:19,185 - FamilyPlanningScraper - INFO - Fetching data for item MCH018 via API
2025-02-24 18:37:19,382 - FamilyPlanningScraper - INFO - Converted 6 rows from aaData format
2025-02-24 18:37:19,467 - FamilyPlanningScraper - INFO - Converted 5 rows from aaData format
2025-02-24 18:37:19,925 - FamilyPlanningScraper - INFO - Fetching data for item MCH021 via API
2025-02-24 18:37:20,206 - FamilyPlanningScraper - INFO - Converted 6 rows from aaData format
2025-02-24 18:37:20,281 - FamilyPlanningScraper - INFO - Fetching data for item MCH021 via API
2025-02-24 18:37:20,376 - FamilyPlanningScraper - INFO - Fetching data for item MCH012 via API
2025-02-24 18:37:20,578 - FamilyPlanningScraper - INFO - Converted 6 rows from aaData format
2025-02-24 18:37:20,656 - FamilyPlanningScraper - INFO - Converted 6 rows from aaData format
2025-02-24 18:37:21,239 - FamilyPlanningScraper - INFO - Fetching data for item MCH051 via API
2025-02-24 18:37:21,520 - FamilyPlanningScraper - INFO - Converted 6 rows from aaData format
2025-02-24 18:37:21,617 - FamilyPlanningScraper - INFO - Fetching data for item MCH051 via API
2025-02-24 18:37:21,899 - FamilyPlanningScraper - INFO - Converted 6 rows from aaData format
2025-02-24 18:37:22,150 - FamilyPlanningScraper - INFO - Fetching data for item MCH018 via API
2025-02-24 18:37:22,431 - FamilyPlanningScraper - INFO - Converted 6 rows from aaData format
2025-02-24 18:37:22,837 - FamilyPlanningScraper - INFO - Fetching data for item MCH012 via API
2025-02-24 18:37:23,196 - FamilyPlanningScraper - INFO - Fetching data for item MCH012 via API
2025-02-24 18:37:23,234 - FamilyPlanningScraper - INFO - Converted 6 rows from aaData format
2025-02-24 18:37:23,267 - FamilyPlanningScraper - INFO - Parsed 12 items from HTML response
2025-02-24 18:37:23,267 - FamilyPlanningScraper - INFO - Fetching data for item CON008 via API
2025-02-24 18:37:23,576 - FamilyPlanningScraper - INFO - Converted 4 rows from aaData format
2025-02-24 18:37:24,553 - FamilyPlanningScraper - INFO - Fetching data for item MCH018 via API
2025-02-24 18:37:24,686 - FamilyPlanningScraper - INFO - Converted 6 rows from aaData format
2025-02-24 18:37:24,835 - FamilyPlanningScraper - INFO - Converted 6 rows from aaData format
2025-02-24 18:37:25,153 - FamilyPlanningScraper - INFO - Fetching data for item CON010 via API
2025-02-24 18:37:25,440 - FamilyPlanningScraper - INFO - Converted 4 rows from aaData format
2025-02-24 18:37:25,496 - FamilyPlanningScraper - INFO - Fetching data for item MCH018 via API
2025-02-24 18:37:25,725 - FamilyPlanningScraper - INFO - Parsed 12 items from HTML response
2025-02-24 18:37:25,726 - FamilyPlanningScraper - INFO - Fetching data for item CON008 via API
2025-02-24 18:37:25,776 - FamilyPlanningScraper - INFO - Converted 6 rows from aaData format
2025-02-24 18:37:26,033 - FamilyPlanningScraper - INFO - Converted 5 rows from aaData format
2025-02-24 18:37:26,455 - FamilyPlanningScraper - INFO - Fetching data for item CON008+CON010 via API
2025-02-24 18:37:26,738 - FamilyPlanningScraper - INFO - Converted 4 rows from aaData format
2025-02-24 18:37:27,452 - FamilyPlanningScraper - INFO - Fetching data for item CON010 via API
2025-02-24 18:37:27,738 - FamilyPlanningScraper - INFO - Converted 5 rows from aaData format
2025-02-24 18:37:28,224 - FamilyPlanningScraper - INFO - Fetching data for item CON009 via API
2025-02-24 18:37:28,384 - FamilyPlanningScraper - INFO - Parsed 12 items from HTML response
2025-02-24 18:37:28,385 - FamilyPlanningScraper - INFO - Fetching data for item CON008 via API
2025-02-24 18:37:28,486 - FamilyPlanningScraper - INFO - Converted 4 rows from aaData format
2025-02-24 18:37:28,669 - FamilyPlanningScraper - INFO - Converted 5 rows from aaData format
2025-02-24 18:37:28,748 - FamilyPlanningScraper - INFO - Fetching data for item CON008+CON010 via API
2025-02-24 18:37:29,033 - FamilyPlanningScraper - INFO - Converted 5 rows from aaData format
2025-02-24 18:37:29,383 - FamilyPlanningScraper - INFO - Fetching data for item CON002 via API
2025-02-24 18:37:29,666 - FamilyPlanningScraper - INFO - Converted 4 rows from aaData format
2025-02-24 18:37:29,948 - FamilyPlanningScraper - INFO - Parsed 12 items from HTML response
2025-02-24 18:37:29,948 - FamilyPlanningScraper - INFO - Fetching data for item CON008 via API
2025-02-24 18:37:29,956 - FamilyPlanningScraper - INFO - Fetching data for item CON010 via API
2025-02-24 18:37:30,219 - FamilyPlanningScraper - INFO - Converted 5 rows from aaData format
2025-02-24 18:37:30,226 - FamilyPlanningScraper - INFO - Converted 5 rows from aaData format
2025-02-24 18:37:30,436 - FamilyPlanningScraper - INFO - Fetching data for item CON009 via API
2025-02-24 18:37:30,661 - FamilyPlanningScraper - INFO - Fetching data for item CON006 via API
2025-02-24 18:37:30,718 - FamilyPlanningScraper - INFO - Converted 5 rows from aaData format
2025-02-24 18:37:30,927 - FamilyPlanningScraper - INFO - Converted 4 rows from aaData format
2025-02-24 18:37:31,030 - FamilyPlanningScraper - INFO - Fetching data for item CON008+CON010 via API
2025-02-24 18:37:31,296 - FamilyPlanningScraper - INFO - Converted 5 rows from aaData format
2025-02-24 18:37:31,607 - FamilyPlanningScraper - INFO - Fetching data for item CON001 via API
2025-02-24 18:37:31,634 - FamilyPlanningScraper - INFO - Fetching data for item CON010 via API
2025-02-24 18:37:31,817 - FamilyPlanningScraper - INFO - Fetching data for item CON002 via API
2025-02-24 18:37:31,871 - FamilyPlanningScraper - INFO - Converted 4 rows from aaData format
2025-02-24 18:37:31,919 - FamilyPlanningScraper - INFO - Converted 5 rows from aaData format
2025-02-24 18:37:31,962 - FamilyPlanningScraper - INFO - Fetching data for item CON009 via API
2025-02-24 18:37:32,243 - FamilyPlanningScraper - INFO - Converted 5 rows from aaData format
2025-02-24 18:37:32,422 - FamilyPlanningScraper - INFO - Fetching data for item CON003 via API
2025-02-24 18:37:32,544 - FamilyPlanningScraper - INFO - Fetching data for item CON008+CON010 via API
2025-02-24 18:37:32,700 - FamilyPlanningScraper - INFO - Converted 4 rows from aaData format
2025-02-24 18:37:32,803 - FamilyPlanningScraper - INFO - Converted 5 rows from aaData format
2025-02-24 18:37:33,215 - FamilyPlanningScraper - INFO - Converted 5 rows from aaData format
2025-02-24 18:37:33,537 - FamilyPlanningScraper - INFO - Fetching data for item CON002 via API
2025-02-24 18:37:33,677 - FamilyPlanningScraper - INFO - Fetching data for item MCH021 via API
2025-02-24 18:37:33,817 - FamilyPlanningScraper - INFO - Converted 5 rows from aaData format
2025-02-24 18:37:33,944 - FamilyPlanningScraper - INFO - Converted 4 rows from aaData format
2025-02-24 18:37:34,045 - FamilyPlanningScraper - INFO - Fetching data for item CON009 via API
2025-02-24 18:37:34,171 - FamilyPlanningScraper - INFO - Fetching data for item CON006 via API
2025-02-24 18:37:34,310 - FamilyPlanningScraper - INFO - Converted 5 rows from aaData format
2025-02-24 18:37:34,454 - FamilyPlanningScraper - INFO - Converted 5 rows from aaData format
2025-02-24 18:37:35,051 - FamilyPlanningScraper - INFO - Fetching data for item MCH051 via API
2025-02-24 18:37:35,166 - FamilyPlanningScraper - INFO - Fetching data for item CON001 via API
2025-02-24 18:37:35,319 - FamilyPlanningScraper - INFO - Fetching data for item CON006 via API
2025-02-24 18:37:35,337 - FamilyPlanningScraper - INFO - Converted 4 rows from aaData format
2025-02-24 18:37:35,432 - FamilyPlanningScraper - INFO - Converted 5 rows from aaData format
2025-02-24 18:37:35,457 - FamilyPlanningScraper - INFO - Fetching data for item CON002 via API
2025-02-24 18:37:35,593 - FamilyPlanningScraper - INFO - Converted 5 rows from aaData format
2025-02-24 18:37:35,722 - FamilyPlanningScraper - INFO - Converted 5 rows from aaData format
2025-02-24 18:37:36,147 - FamilyPlanningScraper - INFO - Fetching data for item CON003 via API
2025-02-24 18:37:36,336 - FamilyPlanningScraper - INFO - Fetching data for item MCH012 via API
2025-02-24 18:37:36,410 - FamilyPlanningScraper - INFO - Converted 5 rows from aaData format
2025-02-24 18:37:36,619 - FamilyPlanningScraper - INFO - Converted 4 rows from aaData format
2025-02-24 18:37:36,991 - FamilyPlanningScraper - INFO - Fetching data for item CON006 via API
2025-02-24 18:37:37,048 - FamilyPlanningScraper - INFO - Fetching data for item CON001 via API
2025-02-24 18:37:37,133 - FamilyPlanningScraper - INFO - Fetching data for item MCH021 via API
2025-02-24 18:37:37,271 - FamilyPlanningScraper - INFO - Converted 5 rows from aaData format
2025-02-24 18:37:37,314 - FamilyPlanningScraper - INFO - Converted 5 rows from aaData format
2025-02-24 18:37:37,419 - FamilyPlanningScraper - INFO - Converted 5 rows from aaData format
2025-02-24 18:37:37,888 - FamilyPlanningScraper - INFO - Fetching data for item CON003 via API
2025-02-24 18:37:38,114 - FamilyPlanningScraper - INFO - Fetching data for item MCH018 via API
2025-02-24 18:37:38,175 - FamilyPlanningScraper - INFO - Converted 5 rows from aaData format
2025-02-24 18:37:38,381 - FamilyPlanningScraper - INFO - Converted 4 rows from aaData format
2025-02-24 18:37:38,806 - FamilyPlanningScraper - INFO - Fetching data for item MCH051 via API
2025-02-24 18:37:38,821 - FamilyPlanningScraper - INFO - Fetching data for item CON001 via API
2025-02-24 18:37:39,074 - FamilyPlanningScraper - INFO - Converted 5 rows from aaData format
2025-02-24 18:37:39,104 - FamilyPlanningScraper - INFO - Converted 5 rows from aaData format
2025-02-24 18:37:39,126 - FamilyPlanningScraper - INFO - Fetching data for item MCH021 via API
2025-02-24 18:37:39,408 - FamilyPlanningScraper - INFO - Converted 5 rows from aaData format
2025-02-24 18:37:39,727 - FamilyPlanningScraper - INFO - Fetching data for item CON003 via API
2025-02-24 18:37:39,736 - FamilyPlanningScraper - INFO - Fetching data for item MCH012 via API
2025-02-24 18:37:39,958 - FamilyPlanningScraper - INFO - Fetching data for item MCH051 via API
2025-02-24 18:37:40,002 - FamilyPlanningScraper - INFO - Converted 5 rows from aaData format
2025-02-24 18:37:40,009 - FamilyPlanningScraper - INFO - Converted 5 rows from aaData format
2025-02-24 18:37:40,240 - FamilyPlanningScraper - INFO - Converted 5 rows from aaData format
2025-02-24 18:37:40,940 - FamilyPlanningScraper - INFO - Fetching data for item MCH021 via API
2025-02-24 18:37:41,223 - FamilyPlanningScraper - INFO - Converted 5 rows from aaData format
2025-02-24 18:37:41,267 - FamilyPlanningScraper - INFO - Fetching data for item MCH018 via API
2025-02-24 18:37:41,540 - FamilyPlanningScraper - INFO - Fetching data for item MCH012 via API
2025-02-24 18:37:41,550 - FamilyPlanningScraper - INFO - Converted 5 rows from aaData format
2025-02-24 18:37:41,827 - FamilyPlanningScraper - INFO - Converted 5 rows from aaData format
2025-02-24 18:37:42,169 - FamilyPlanningScraper - INFO - Fetching data for item MCH051 via API
2025-02-24 18:37:42,447 - FamilyPlanningScraper - INFO - Converted 5 rows from aaData format
2025-02-24 18:37:42,933 - FamilyPlanningScraper - INFO - Fetching data for item MCH018 via API
2025-02-24 18:37:42,988 - FamilyPlanningScraper - INFO - Parsed 12 items from HTML response
2025-02-24 18:37:42,990 - FamilyPlanningScraper - INFO - Fetching data for item CON008 via API
2025-02-24 18:37:43,222 - FamilyPlanningScraper - INFO - Converted 5 rows from aaData format
2025-02-24 18:37:43,276 - FamilyPlanningScraper - INFO - Converted 6 rows from aaData format
2025-02-24 18:37:43,748 - FamilyPlanningScraper - INFO - Fetching data for item MCH012 via API
2025-02-24 18:37:43,932 - FamilyPlanningScraper - INFO - Fetching data for item CON010 via API
2025-02-24 18:37:44,035 - FamilyPlanningScraper - INFO - Converted 5 rows from aaData format
2025-02-24 18:37:44,217 - FamilyPlanningScraper - INFO - Converted 6 rows from aaData format
2025-02-24 18:37:44,955 - FamilyPlanningScraper - INFO - Parsed 12 items from HTML response
2025-02-24 18:37:44,958 - FamilyPlanningScraper - INFO - Fetching data for item CON008 via API
2025-02-24 18:37:45,245 - FamilyPlanningScraper - INFO - Converted 5 rows from aaData format
2025-02-24 18:37:45,285 - FamilyPlanningScraper - INFO - Fetching data for item MCH018 via API
2025-02-24 18:37:45,570 - FamilyPlanningScraper - INFO - Converted 5 rows from aaData format
2025-02-24 18:37:45,666 - FamilyPlanningScraper - INFO - Fetching data for item CON008+CON010 via API
2025-02-24 18:37:45,950 - FamilyPlanningScraper - INFO - Converted 6 rows from aaData format
2025-02-24 18:37:46,380 - FamilyPlanningScraper - INFO - Parsed 12 items from HTML response
2025-02-24 18:37:46,382 - FamilyPlanningScraper - INFO - Fetching data for item CON008 via API
2025-02-24 18:37:46,667 - FamilyPlanningScraper - INFO - Converted 5 rows from aaData format
2025-02-24 18:37:46,682 - FamilyPlanningScraper - INFO - Fetching data for item CON010 via API
2025-02-24 18:37:46,754 - FamilyPlanningScraper - INFO - Fetching data for item CON009 via API
2025-02-24 18:37:46,968 - FamilyPlanningScraper - INFO - Converted 5 rows from aaData format
2025-02-24 18:37:47,039 - FamilyPlanningScraper - INFO - Converted 6 rows from aaData format
2025-02-24 18:37:47,724 - FamilyPlanningScraper - INFO - Fetching data for item CON010 via API
2025-02-24 18:37:48,007 - FamilyPlanningScraper - INFO - Converted 5 rows from aaData format
2025-02-24 18:37:48,371 - FamilyPlanningScraper - INFO - Fetching data for item CON002 via API
2025-02-24 18:37:48,525 - FamilyPlanningScraper - INFO - Fetching data for item CON008+CON010 via API
2025-02-24 18:37:48,656 - FamilyPlanningScraper - INFO - Converted 6 rows from aaData format
2025-02-24 18:37:48,809 - FamilyPlanningScraper - INFO - Converted 5 rows from aaData format
2025-02-24 18:37:48,866 - FamilyPlanningScraper - INFO - Fetching data for item CON008+CON010 via API
2025-02-24 18:37:49,150 - FamilyPlanningScraper - INFO - Converted 5 rows from aaData format
2025-02-24 18:37:49,394 - FamilyPlanningScraper - INFO - Fetching data for item CON009 via API
2025-02-24 18:37:49,420 - FamilyPlanningScraper - INFO - Parsed 12 items from HTML response
2025-02-24 18:37:49,422 - FamilyPlanningScraper - INFO - Fetching data for item CON008 via API
2025-02-24 18:37:49,681 - FamilyPlanningScraper - INFO - Converted 5 rows from aaData format
2025-02-24 18:37:49,703 - FamilyPlanningScraper - INFO - Fetching data for item CON006 via API
2025-02-24 18:37:49,705 - FamilyPlanningScraper - INFO - Converted 5 rows from aaData format
2025-02-24 18:37:49,891 - FamilyPlanningScraper - INFO - Fetching data for item CON009 via API
2025-02-24 18:37:49,989 - FamilyPlanningScraper - INFO - Converted 6 rows from aaData format
2025-02-24 18:37:50,173 - FamilyPlanningScraper - INFO - Converted 5 rows from aaData format
2025-02-24 18:37:50,553 - FamilyPlanningScraper - INFO - Fetching data for item CON010 via API
2025-02-24 18:37:50,838 - FamilyPlanningScraper - INFO - Converted 5 rows from aaData format
2025-02-24 18:37:51,134 - FamilyPlanningScraper - INFO - Fetching data for item CON002 via API
2025-02-24 18:37:51,265 - FamilyPlanningScraper - INFO - Fetching data for item CON001 via API
2025-02-24 18:37:51,422 - FamilyPlanningScraper - INFO - Converted 5 rows from aaData format
2025-02-24 18:37:51,480 - FamilyPlanningScraper - INFO - Fetching data for item CON008+CON010 via API
2025-02-24 18:37:51,551 - FamilyPlanningScraper - INFO - Converted 6 rows from aaData format
2025-02-24 18:37:51,657 - FamilyPlanningScraper - INFO - Fetching data for item CON002 via API
2025-02-24 18:37:51,765 - FamilyPlanningScraper - INFO - Converted 5 rows from aaData format
2025-02-24 18:37:51,942 - FamilyPlanningScraper - INFO - Converted 5 rows from aaData format
2025-02-24 18:37:52,173 - FamilyPlanningScraper - INFO - Fetching data for item CON003 via API
2025-02-24 18:37:52,257 - FamilyPlanningScraper - INFO - Fetching data for item CON006 via API
2025-02-24 18:37:52,463 - FamilyPlanningScraper - INFO - Converted 6 rows from aaData format
2025-02-24 18:37:52,540 - FamilyPlanningScraper - INFO - Converted 5 rows from aaData format
2025-02-24 18:37:52,643 - FamilyPlanningScraper - INFO - Fetching data for item CON006 via API
2025-02-24 18:37:52,925 - FamilyPlanningScraper - INFO - Converted 5 rows from aaData format
2025-02-24 18:37:53,137 - FamilyPlanningScraper - INFO - Fetching data for item CON001 via API
2025-02-24 18:37:53,315 - FamilyPlanningScraper - INFO - Fetching data for item CON009 via API
2025-02-24 18:37:53,423 - FamilyPlanningScraper - INFO - Converted 5 rows from aaData format
2025-02-24 18:37:53,597 - FamilyPlanningScraper - INFO - Converted 5 rows from aaData format
2025-02-24 18:37:53,626 - FamilyPlanningScraper - INFO - Fetching data for item MCH021 via API
2025-02-24 18:37:53,908 - FamilyPlanningScraper - INFO - Converted 6 rows from aaData format
2025-02-24 18:37:54,291 - FamilyPlanningScraper - INFO - Fetching data for item CON001 via API
2025-02-24 18:37:54,295 - FamilyPlanningScraper - INFO - Fetching data for item CON002 via API
2025-02-24 18:37:54,526 - FamilyPlanningScraper - INFO - Fetching data for item CON003 via API
2025-02-24 18:37:54,573 - FamilyPlanningScraper - INFO - Converted 5 rows from aaData format
2025-02-24 18:37:54,579 - FamilyPlanningScraper - INFO - Converted 5 rows from aaData format
2025-02-24 18:37:54,603 - FamilyPlanningScraper - INFO - Fetching data for item MCH051 via API
2025-02-24 18:37:54,888 - FamilyPlanningScraper - INFO - Converted 6 rows from aaData format
2025-02-24 18:37:55,136 - FamilyPlanningScraper - INFO - Fetching data for item CON003 via API
2025-02-24 18:37:55,320 - FamilyPlanningScraper - INFO - Fetching data for item CON006 via API
2025-02-24 18:37:55,421 - FamilyPlanningScraper - INFO - Converted 5 rows from aaData format
2025-02-24 18:37:55,537 - FamilyPlanningScraper - INFO - Fetching data for item MCH012 via API
2025-02-24 18:37:55,602 - FamilyPlanningScraper - INFO - Converted 5 rows from aaData format
2025-02-24 18:37:55,822 - FamilyPlanningScraper - INFO - Converted 6 rows from aaData format
2025-02-24 18:37:56,245 - FamilyPlanningScraper - INFO - Converted 5 rows from aaData format
2025-02-24 18:37:56,764 - FamilyPlanningScraper - INFO - Fetching data for item MCH018 via API
2025-02-24 18:37:56,801 - FamilyPlanningScraper - INFO - Fetching data for item CON001 via API
2025-02-24 18:37:56,879 - FamilyPlanningScraper - INFO - Fetching data for item MCH021 via API
2025-02-24 18:37:56,958 - FamilyPlanningScraper - INFO - Fetching data for item MCH021 via API
2025-02-24 18:37:57,041 - FamilyPlanningScraper - INFO - Converted 6 rows from aaData format
2025-02-24 18:37:57,086 - FamilyPlanningScraper - INFO - Converted 5 rows from aaData format
2025-02-24 18:37:57,160 - FamilyPlanningScraper - INFO - Converted 5 rows from aaData format
2025-02-24 18:37:57,826 - FamilyPlanningScraper - INFO - Fetching data for item MCH051 via API
2025-02-24 18:37:58,107 - FamilyPlanningScraper - INFO - Converted 5 rows from aaData format
2025-02-24 18:37:58,405 - FamilyPlanningScraper - INFO - Fetching data for item CON003 via API
2025-02-24 18:37:58,600 - FamilyPlanningScraper - INFO - Converted 5 rows from aaData format
2025-02-24 18:37:58,687 - FamilyPlanningScraper - INFO - Converted 5 rows from aaData format
2025-02-24 18:37:59,334 - FamilyPlanningScraper - INFO - Fetching data for item MCH012 via API
2025-02-24 18:37:59,617 - FamilyPlanningScraper - INFO - Converted 5 rows from aaData format
2025-02-24 18:37:59,668 - FamilyPlanningScraper - INFO - Fetching data for item MCH051 via API
2025-02-24 18:37:59,953 - FamilyPlanningScraper - INFO - Converted 5 rows from aaData format
2025-02-24 18:38:00,010 - FamilyPlanningScraper - INFO - Fetching data for item MCH021 via API
2025-02-24 18:38:00,294 - FamilyPlanningScraper - INFO - Converted 5 rows from aaData format
2025-02-24 18:38:00,472 - FamilyPlanningScraper - INFO - Parsed 12 items from HTML response
2025-02-24 18:38:00,473 - FamilyPlanningScraper - INFO - Fetching data for item CON008 via API
2025-02-24 18:38:00,483 - FamilyPlanningScraper - INFO - Fetching data for item MCH018 via API
2025-02-24 18:38:00,541 - FamilyPlanningScraper - INFO - Fetching data for item MCH012 via API
2025-02-24 18:38:00,754 - FamilyPlanningScraper - INFO - Converted 6 rows from aaData format
2025-02-24 18:38:00,764 - FamilyPlanningScraper - INFO - Converted 5 rows from aaData format
2025-02-24 18:38:00,823 - FamilyPlanningScraper - INFO - Converted 5 rows from aaData format
2025-02-24 18:38:00,867 - FamilyPlanningScraper - INFO - Fetching data for item MCH051 via API
2025-02-24 18:38:01,152 - FamilyPlanningScraper - INFO - Converted 5 rows from aaData format
2025-02-24 18:38:01,353 - FamilyPlanningScraper - INFO - Fetching data for item CON010 via API
2025-02-24 18:38:01,645 - FamilyPlanningScraper - INFO - Converted 6 rows from aaData format
2025-02-24 18:38:02,106 - FamilyPlanningScraper - INFO - Fetching data for item MCH012 via API
2025-02-24 18:38:02,206 - FamilyPlanningScraper - INFO - Fetching data for item MCH018 via API
2025-02-24 18:38:02,394 - FamilyPlanningScraper - INFO - Converted 5 rows from aaData format
2025-02-24 18:38:02,487 - FamilyPlanningScraper - INFO - Converted 5 rows from aaData format
2025-02-24 18:38:02,971 - FamilyPlanningScraper - INFO - Fetching data for item CON008+CON010 via API
2025-02-24 18:38:03,254 - FamilyPlanningScraper - INFO - Converted 6 rows from aaData format
2025-02-24 18:38:03,635 - FamilyPlanningScraper - INFO - Fetching data for item MCH018 via API
2025-02-24 18:38:03,917 - FamilyPlanningScraper - INFO - Converted 5 rows from aaData format
2025-02-24 18:38:04,072 - FamilyPlanningScraper - INFO - Parsed 12 items from HTML response
2025-02-24 18:38:04,072 - FamilyPlanningScraper - INFO - Fetching data for item CON008 via API
2025-02-24 18:38:04,270 - FamilyPlanningScraper - INFO - Fetching data for item CON009 via API
2025-02-24 18:38:04,348 - FamilyPlanningScraper - INFO - Converted 5 rows from aaData format
2025-02-24 18:38:04,548 - FamilyPlanningScraper - INFO - Converted 6 rows from aaData format
2025-02-24 18:38:05,753 - FamilyPlanningScraper - INFO - Fetching data for item CON002 via API
2025-02-24 18:38:05,867 - FamilyPlanningScraper - INFO - Fetching data for item CON010 via API
2025-02-24 18:38:06,035 - FamilyPlanningScraper - INFO - Converted 6 rows from aaData format
2025-02-24 18:38:06,150 - FamilyPlanningScraper - INFO - Converted 5 rows from aaData format
2025-02-24 18:38:06,932 - FamilyPlanningScraper - INFO - Fetching data for item CON006 via API
2025-02-24 18:38:07,213 - FamilyPlanningScraper - INFO - Converted 6 rows from aaData format
2025-02-24 18:38:07,611 - FamilyPlanningScraper - INFO - Fetching data for item CON008+CON010 via API
2025-02-24 18:38:07,634 - FamilyPlanningScraper - INFO - Parsed 12 items from HTML response
2025-02-24 18:38:07,634 - FamilyPlanningScraper - INFO - Fetching data for item CON008 via API
2025-02-24 18:38:07,681 - FamilyPlanningScraper - INFO - Parsed 12 items from HTML response
2025-02-24 18:38:07,682 - FamilyPlanningScraper - INFO - Fetching data for item CON008 via API
2025-02-24 18:38:07,894 - FamilyPlanningScraper - INFO - Converted 5 rows from aaData format
2025-02-24 18:38:07,918 - FamilyPlanningScraper - INFO - Converted 5 rows from aaData format
2025-02-24 18:38:07,966 - FamilyPlanningScraper - INFO - Converted 5 rows from aaData format
2025-02-24 18:38:08,644 - FamilyPlanningScraper - INFO - Fetching data for item CON009 via API
2025-02-24 18:38:08,679 - FamilyPlanningScraper - INFO - Fetching data for item CON001 via API
2025-02-24 18:38:08,704 - FamilyPlanningScraper - INFO - Fetching data for item CON010 via API
2025-02-24 18:38:08,931 - FamilyPlanningScraper - INFO - Converted 5 rows from aaData format
2025-02-24 18:38:08,963 - FamilyPlanningScraper - INFO - Converted 6 rows from aaData format
2025-02-24 18:38:08,990 - FamilyPlanningScraper - INFO - Converted 5 rows from aaData format
2025-02-24 18:38:09,506 - FamilyPlanningScraper - INFO - Fetching data for item CON010 via API
2025-02-24 18:38:09,511 - FamilyPlanningScraper - INFO - Fetching data for item CON002 via API
2025-02-24 18:38:09,790 - FamilyPlanningScraper - INFO - Converted 5 rows from aaData format
2025-02-24 18:38:09,795 - FamilyPlanningScraper - INFO - Converted 5 rows from aaData format
2025-02-24 18:38:09,909 - FamilyPlanningScraper - INFO - Fetching data for item CON003 via API
2025-02-24 18:38:10,141 - FamilyPlanningScraper - INFO - Fetching data for item CON008+CON010 via API
2025-02-24 18:38:10,189 - FamilyPlanningScraper - INFO - Converted 6 rows from aaData format
2025-02-24 18:38:10,416 - FamilyPlanningScraper - INFO - Converted 5 rows from aaData format
2025-02-24 18:38:10,982 - FamilyPlanningScraper - INFO - Fetching data for item CON009 via API
2025-02-24 18:38:11,162 - FamilyPlanningScraper - INFO - Fetching data for item MCH021 via API
2025-02-24 18:38:11,181 - FamilyPlanningScraper - INFO - Fetching data for item CON008+CON010 via API
2025-02-24 18:38:11,201 - FamilyPlanningScraper - INFO - Fetching data for item CON006 via API
2025-02-24 18:38:11,260 - FamilyPlanningScraper - INFO - Converted 5 rows from aaData format
2025-02-24 18:38:11,449 - FamilyPlanningScraper - INFO - Converted 6 rows from aaData format
2025-02-24 18:38:11,467 - FamilyPlanningScraper - INFO - Converted 5 rows from aaData format
2025-02-24 18:38:12,070 - FamilyPlanningScraper - INFO - Fetching data for item CON002 via API
2025-02-24 18:38:12,354 - FamilyPlanningScraper - INFO - Converted 5 rows from aaData format
2025-02-24 18:38:12,599 - FamilyPlanningScraper - INFO - Fetching data for item CON009 via API
2025-02-24 18:38:12,872 - FamilyPlanningScraper - INFO - Converted 5 rows from aaData format
2025-02-24 18:38:12,872 - FamilyPlanningScraper - INFO - Converted 5 rows from aaData format
2025-02-24 18:38:12,894 - FamilyPlanningScraper - INFO - Fetching data for item MCH051 via API
2025-02-24 18:38:13,181 - FamilyPlanningScraper - INFO - Converted 6 rows from aaData format
2025-02-24 18:38:13,494 - FamilyPlanningScraper - INFO - Fetching data for item CON006 via API
2025-02-24 18:38:13,781 - FamilyPlanningScraper - INFO - Converted 5 rows from aaData format
2025-02-24 18:38:13,943 - FamilyPlanningScraper - INFO - Fetching data for item CON001 via API
2025-02-24 18:38:14,221 - FamilyPlanningScraper - INFO - Fetching data for item CON002 via API
2025-02-24 18:38:14,230 - FamilyPlanningScraper - INFO - Converted 5 rows from aaData format
2025-02-24 18:38:14,499 - FamilyPlanningScraper - INFO - Converted 5 rows from aaData format
2025-02-24 18:38:14,716 - FamilyPlanningScraper - INFO - Fetching data for item MCH012 via API
2025-02-24 18:38:14,993 - FamilyPlanningScraper - INFO - Converted 6 rows from aaData format
2025-02-24 18:38:15,193 - FamilyPlanningScraper - INFO - Fetching data for item CON001 via API
2025-02-24 18:38:15,474 - FamilyPlanningScraper - INFO - Converted 5 rows from aaData format
2025-02-24 18:38:15,519 - FamilyPlanningScraper - INFO - Fetching data for item CON003 via API
2025-02-24 18:38:15,799 - FamilyPlanningScraper - INFO - Converted 5 rows from aaData format
2025-02-24 18:38:15,819 - FamilyPlanningScraper - INFO - Fetching data for item CON006 via API
2025-02-24 18:38:16,101 - FamilyPlanningScraper - INFO - Converted 5 rows from aaData format
2025-02-24 18:38:16,346 - FamilyPlanningScraper - INFO - Fetching data for item MCH018 via API
2025-02-24 18:38:16,616 - FamilyPlanningScraper - INFO - Converted 6 rows from aaData format
2025-02-24 18:38:16,758 - FamilyPlanningScraper - INFO - Fetching data for item MCH021 via API
2025-02-24 18:38:16,795 - FamilyPlanningScraper - INFO - Fetching data for item CON003 via API
2025-02-24 18:38:17,039 - FamilyPlanningScraper - INFO - Converted 5 rows from aaData format
2025-02-24 18:38:17,078 - FamilyPlanningScraper - INFO - Converted 5 rows from aaData format
2025-02-24 18:38:17,215 - FamilyPlanningScraper - INFO - Fetching data for item CON001 via API
2025-02-24 18:38:17,528 - FamilyPlanningScraper - INFO - Converted 5 rows from aaData format
2025-02-24 18:38:17,676 - FamilyPlanningScraper - INFO - Fetching data for item MCH021 via API
2025-02-24 18:38:17,964 - FamilyPlanningScraper - INFO - Converted 5 rows from aaData format
2025-02-24 18:38:18,123 - FamilyPlanningScraper - INFO - Fetching data for item MCH051 via API
2025-02-24 18:38:18,407 - FamilyPlanningScraper - INFO - Converted 5 rows from aaData format
2025-02-24 18:38:18,844 - FamilyPlanningScraper - INFO - Fetching data for item CON003 via API
2025-02-24 18:38:19,045 - FamilyPlanningScraper - INFO - Fetching data for item MCH051 via API
2025-02-24 18:38:19,134 - FamilyPlanningScraper - INFO - Converted 5 rows from aaData format
2025-02-24 18:38:19,325 - FamilyPlanningScraper - INFO - Converted 5 rows from aaData format
2025-02-24 18:38:19,810 - FamilyPlanningScraper - INFO - Fetching data for item MCH012 via API
2025-02-24 18:38:20,092 - FamilyPlanningScraper - INFO - Converted 5 rows from aaData format
2025-02-24 18:38:20,169 - FamilyPlanningScraper - INFO - Fetching data for item MCH021 via API
2025-02-24 18:38:20,446 - FamilyPlanningScraper - INFO - Converted 5 rows from aaData format
2025-02-24 18:38:20,821 - FamilyPlanningScraper - INFO - Fetching data for item MCH012 via API
2025-02-24 18:38:21,098 - FamilyPlanningScraper - INFO - Converted 5 rows from aaData format
2025-02-24 18:38:21,543 - FamilyPlanningScraper - INFO - Fetching data for item MCH018 via API
2025-02-24 18:38:21,783 - FamilyPlanningScraper - INFO - Parsed 12 items from HTML response
2025-02-24 18:38:21,786 - FamilyPlanningScraper - INFO - Fetching data for item CON008 via API
2025-02-24 18:38:21,795 - FamilyPlanningScraper - INFO - Fetching data for item MCH018 via API
2025-02-24 18:38:21,824 - FamilyPlanningScraper - INFO - Converted 5 rows from aaData format
2025-02-24 18:38:21,966 - FamilyPlanningScraper - INFO - Fetching data for item MCH051 via API
2025-02-24 18:38:22,073 - FamilyPlanningScraper - INFO - Converted 5 rows from aaData format
2025-02-24 18:38:22,245 - FamilyPlanningScraper - INFO - Converted 5 rows from aaData format
2025-02-24 18:38:23,201 - FamilyPlanningScraper - INFO - Fetching data for item CON010 via API
2025-02-24 18:38:23,294 - FamilyPlanningScraper - INFO - Fetching data for item MCH012 via API
2025-02-24 18:38:23,484 - FamilyPlanningScraper - INFO - Converted 5 rows from aaData format
2025-02-24 18:38:23,574 - FamilyPlanningScraper - INFO - Converted 5 rows from aaData format
2025-02-24 18:38:23,574 - FamilyPlanningScraper - INFO - Converted 5 rows from aaData format
2025-02-24 18:38:24,429 - FamilyPlanningScraper - INFO - Fetching data for item MCH018 via API
2025-02-24 18:38:24,719 - FamilyPlanningScraper - INFO - Converted 5 rows from aaData format
2025-02-24 18:38:24,807 - FamilyPlanningScraper - INFO - Fetching data for item CON008+CON010 via API
2025-02-24 18:38:25,094 - FamilyPlanningScraper - INFO - Converted 5 rows from aaData format
2025-02-24 18:38:25,148 - FamilyPlanningScraper - INFO - Parsed 12 items from HTML response
2025-02-24 18:38:25,155 - FamilyPlanningScraper - INFO - Fetching data for item CON008 via API
2025-02-24 18:38:25,429 - FamilyPlanningScraper - INFO - Converted 6 rows from aaData format
2025-02-24 18:38:26,345 - FamilyPlanningScraper - INFO - Fetching data for item CON009 via API
2025-02-24 18:38:26,619 - FamilyPlanningScraper - INFO - Converted 5 rows from aaData format
2025-02-24 18:38:26,830 - FamilyPlanningScraper - INFO - Fetching data for item CON010 via API
2025-02-24 18:38:27,110 - FamilyPlanningScraper - INFO - Converted 6 rows from aaData format
2025-02-24 18:38:27,393 - FamilyPlanningScraper - INFO - Parsed 12 items from HTML response
2025-02-24 18:38:27,394 - FamilyPlanningScraper - INFO - Fetching data for item CON008 via API
2025-02-24 18:38:27,665 - FamilyPlanningScraper - INFO - Converted 6 rows from aaData format
2025-02-24 18:38:27,984 - FamilyPlanningScraper - INFO - Fetching data for item CON002 via API
2025-02-24 18:38:28,112 - FamilyPlanningScraper - INFO - Parsed 12 items from HTML response
2025-02-24 18:38:28,112 - FamilyPlanningScraper - INFO - Fetching data for item CON008 via API
2025-02-24 18:38:28,270 - FamilyPlanningScraper - INFO - Converted 5 rows from aaData format
2025-02-24 18:38:28,286 - FamilyPlanningScraper - INFO - Fetching data for item CON008+CON010 via API
2025-02-24 18:38:28,397 - FamilyPlanningScraper - INFO - Converted 6 rows from aaData format
2025-02-24 18:38:28,574 - FamilyPlanningScraper - INFO - Converted 6 rows from aaData format
2025-02-24 18:38:28,689 - FamilyPlanningScraper - INFO - Fetching data for item CON010 via API
2025-02-24 18:38:28,909 - FamilyPlanningScraper - INFO - Fetching data for item CON006 via API
2025-02-24 18:38:28,971 - FamilyPlanningScraper - INFO - Converted 6 rows from aaData format
2025-02-24 18:38:29,193 - FamilyPlanningScraper - INFO - Converted 5 rows from aaData format
2025-02-24 18:38:29,380 - FamilyPlanningScraper - INFO - Fetching data for item CON010 via API
2025-02-24 18:38:29,655 - FamilyPlanningScraper - INFO - Converted 6 rows from aaData format
2025-02-24 18:38:30,003 - FamilyPlanningScraper - INFO - Fetching data for item CON009 via API
2025-02-24 18:38:30,153 - FamilyPlanningScraper - INFO - Fetching data for item CON001 via API
2025-02-24 18:38:30,291 - FamilyPlanningScraper - INFO - Converted 6 rows from aaData format
2025-02-24 18:38:30,419 - FamilyPlanningScraper - INFO - Fetching data for item CON008+CON010 via API
2025-02-24 18:38:30,440 - FamilyPlanningScraper - INFO - Converted 5 rows from aaData format
2025-02-24 18:38:30,488 - FamilyPlanningScraper - INFO - Fetching data for item CON008+CON010 via API
2025-02-24 18:38:30,700 - FamilyPlanningScraper - INFO - Converted 6 rows from aaData format
2025-02-24 18:38:30,771 - FamilyPlanningScraper - INFO - Converted 6 rows from aaData format
2025-02-24 18:38:31,090 - FamilyPlanningScraper - INFO - Fetching data for item CON003 via API
2025-02-24 18:38:31,366 - FamilyPlanningScraper - INFO - Converted 5 rows from aaData format
2025-02-24 18:38:31,529 - FamilyPlanningScraper - INFO - Fetching data for item CON002 via API
2025-02-24 18:38:31,546 - FamilyPlanningScraper - INFO - Fetching data for item CON009 via API
2025-02-24 18:38:31,810 - FamilyPlanningScraper - INFO - Converted 6 rows from aaData format
2025-02-24 18:38:31,829 - FamilyPlanningScraper - INFO - Converted 6 rows from aaData format
2025-02-24 18:38:32,159 - FamilyPlanningScraper - INFO - Fetching data for item CON009 via API
2025-02-24 18:38:32,247 - FamilyPlanningScraper - INFO - Fetching data for item MCH021 via API
2025-02-24 18:38:32,443 - FamilyPlanningScraper - INFO - Converted 6 rows from aaData format
2025-02-24 18:38:32,527 - FamilyPlanningScraper - INFO - Converted 5 rows from aaData format
2025-02-24 18:38:32,729 - FamilyPlanningScraper - INFO - Fetching data for item CON006 via API
2025-02-24 18:38:32,879 - FamilyPlanningScraper - INFO - Fetching data for item CON002 via API
2025-02-24 18:38:33,014 - FamilyPlanningScraper - INFO - Converted 6 rows from aaData format
2025-02-24 18:38:33,159 - FamilyPlanningScraper - INFO - Converted 6 rows from aaData format
2025-02-24 18:38:33,184 - FamilyPlanningScraper - INFO - Fetching data for item MCH051 via API
2025-02-24 18:38:33,461 - FamilyPlanningScraper - INFO - Converted 5 rows from aaData format
2025-02-24 18:38:33,681 - FamilyPlanningScraper - INFO - Fetching data for item CON002 via API
2025-02-24 18:38:33,786 - FamilyPlanningScraper - INFO - Fetching data for item CON001 via API
2025-02-24 18:38:33,953 - FamilyPlanningScraper - INFO - Converted 6 rows from aaData format
2025-02-24 18:38:34,070 - FamilyPlanningScraper - INFO - Converted 6 rows from aaData format
2025-02-24 18:38:34,494 - FamilyPlanningScraper - INFO - Fetching data for item CON006 via API
2025-02-24 18:38:34,776 - FamilyPlanningScraper - INFO - Converted 6 rows from aaData format
