2025-02-24 16:18:05,621 - FamilyPlanningScraper - INFO - Initializing session by accessing https://elmis.dgfp.gov.bd/dgfplmis_reports/sdpdataviewer/form2_view.php
2025-02-24 16:18:07,316 - FamilyPlanningScraper - INFO - Successfully initialized session
2025-02-24 16:18:07,319 - FamilyPlanningScraper - INFO - Fetching warehouses list
2025-02-24 16:18:09,607 - FamilyPlanningScraper - INFO - Successfully parsed 23 warehouses from JavaScript
2025-02-24 16:18:09,607 - FamilyPlanningScraper - INFO - Found 23 warehouses
2025-02-24 16:18:09,877 - FamilyPlanningScraper - INFO - Date ranges: [('2020', '01'), ('2020', '02'), ('2020', '03'), ('2020', '04'), ('2020', '05'), ('2020', '06'), ('2020', '07'), ('2020', '08'), ('2020', '09'), ('2020', '10'), ('2020', '11'), ('2020', '12'), ('2021', '01'), ('2021', '02'), ('2021', '03'), ('2021', '04'), ('2021', '05'), ('2021', '06'), ('2021', '07'), ('2021', '08'), ('2021', '09'), ('2021', '10'), ('2021', '11'), ('2021', '12'), ('2022', '01'), ('2022', '02'), ('2022', '03'), ('2022', '04'), ('2022', '05'), ('2022', '06'), ('2022', '07'), ('2022', '08'), ('2022', '09'), ('2022', '10'), ('2022', '11'), ('2022', '12')]
2025-02-24 16:18:10,833 - FamilyPlanningScraper - INFO - Parsed 12 items from HTML response
2025-02-24 16:18:10,839 - FamilyPlanningScraper - INFO - Fetching data for item CON008 via API
2025-02-24 16:18:11,149 - FamilyPlanningScraper - INFO - Converted 8 rows from aaData format
2025-02-24 16:18:12,327 - FamilyPlanningScraper - INFO - Parsed 12 items from HTML response
2025-02-24 16:18:12,327 - FamilyPlanningScraper - INFO - Parsed 12 items from HTML response
2025-02-24 16:18:12,332 - FamilyPlanningScraper - INFO - Parsed 12 items from HTML response
2025-02-24 16:18:12,335 - FamilyPlanningScraper - INFO - Fetching data for item CON008 via API
2025-02-24 16:18:12,335 - FamilyPlanningScraper - INFO - Fetching data for item CON008 via API
2025-02-24 16:18:12,343 - FamilyPlanningScraper - INFO - Fetching data for item CON008 via API
2025-02-24 16:18:12,620 - FamilyPlanningScraper - INFO - Converted 8 rows from aaData format
2025-02-24 16:18:12,645 - FamilyPlanningScraper - INFO - Converted 8 rows from aaData format
2025-02-24 16:18:12,646 - FamilyPlanningScraper - INFO - Converted 8 rows from aaData format
2025-02-24 16:18:13,262 - FamilyPlanningScraper - INFO - Fetching data for item CON010 via API
2025-02-24 16:18:13,549 - FamilyPlanningScraper - INFO - Converted 8 rows from aaData format
2025-02-24 16:18:14,370 - FamilyPlanningScraper - INFO - Fetching data for item CON010 via API
2025-02-24 16:18:14,658 - FamilyPlanningScraper - INFO - Converted 8 rows from aaData format
2025-02-24 16:18:14,774 - FamilyPlanningScraper - INFO - Fetching data for item CON010 via API
2025-02-24 16:18:14,839 - FamilyPlanningScraper - INFO - Fetching data for item CON010 via API
2025-02-24 16:18:15,085 - FamilyPlanningScraper - INFO - Converted 8 rows from aaData format
2025-02-24 16:18:15,128 - FamilyPlanningScraper - INFO - Converted 8 rows from aaData format
2025-02-24 16:18:15,416 - FamilyPlanningScraper - INFO - Fetching data for item CON008+CON010 via API
2025-02-24 16:18:15,803 - FamilyPlanningScraper - INFO - Converted 8 rows from aaData format
2025-02-24 16:18:16,763 - FamilyPlanningScraper - INFO - Fetching data for item CON008+CON010 via API
2025-02-24 16:18:17,051 - FamilyPlanningScraper - INFO - Converted 8 rows from aaData format
2025-02-24 16:18:17,227 - FamilyPlanningScraper - INFO - Fetching data for item CON008+CON010 via API
2025-02-24 16:18:17,270 - FamilyPlanningScraper - INFO - Fetching data for item CON008+CON010 via API
2025-02-24 16:18:17,542 - FamilyPlanningScraper - INFO - Converted 8 rows from aaData format
2025-02-24 16:18:17,556 - FamilyPlanningScraper - INFO - Converted 8 rows from aaData format
2025-02-24 16:18:18,330 - FamilyPlanningScraper - INFO - Fetching data for item CON009 via API
2025-02-24 16:18:18,638 - FamilyPlanningScraper - INFO - Converted 8 rows from aaData format
2025-02-24 16:18:19,333 - FamilyPlanningScraper - INFO - Fetching data for item CON009 via API
2025-02-24 16:18:19,686 - FamilyPlanningScraper - INFO - Converted 8 rows from aaData format
2025-02-24 16:18:19,926 - FamilyPlanningScraper - INFO - Fetching data for item CON009 via API
2025-02-24 16:18:20,261 - FamilyPlanningScraper - INFO - Converted 8 rows from aaData format
2025-02-24 16:18:20,447 - FamilyPlanningScraper - INFO - Fetching data for item CON009 via API
2025-02-24 16:18:20,823 - FamilyPlanningScraper - INFO - Converted 8 rows from aaData format
2025-02-24 16:18:20,938 - FamilyPlanningScraper - INFO - Fetching data for item CON002 via API
2025-02-24 16:18:21,227 - FamilyPlanningScraper - INFO - Converted 8 rows from aaData format
2025-02-24 16:18:21,611 - FamilyPlanningScraper - INFO - Fetching data for item CON002 via API
2025-02-24 16:18:21,948 - FamilyPlanningScraper - INFO - Converted 8 rows from aaData format
2025-02-24 16:18:22,861 - FamilyPlanningScraper - INFO - Fetching data for item CON006 via API
2025-02-24 16:18:22,877 - FamilyPlanningScraper - INFO - Fetching data for item CON002 via API
2025-02-24 16:18:23,187 - FamilyPlanningScraper - INFO - Converted 8 rows from aaData format
2025-02-24 16:18:23,340 - FamilyPlanningScraper - INFO - Fetching data for item CON002 via API
2025-02-24 16:18:23,627 - FamilyPlanningScraper - INFO - Converted 8 rows from aaData format
2025-02-24 16:18:24,240 - FamilyPlanningScraper - INFO - Fetching data for item CON006 via API
2025-02-24 16:18:24,506 - FamilyPlanningScraper - INFO - Converted 8 rows from aaData format
2025-02-24 16:18:24,531 - FamilyPlanningScraper - INFO - Converted 8 rows from aaData format
2025-02-24 16:18:24,774 - FamilyPlanningScraper - INFO - Fetching data for item CON001 via API
2025-02-24 16:18:25,126 - FamilyPlanningScraper - INFO - Converted 8 rows from aaData format
2025-02-24 16:18:26,568 - FamilyPlanningScraper - INFO - Fetching data for item CON006 via API
2025-02-24 16:18:26,746 - FamilyPlanningScraper - INFO - Fetching data for item CON003 via API
2025-02-24 16:18:26,854 - FamilyPlanningScraper - INFO - Converted 8 rows from aaData format
2025-02-24 16:18:27,076 - FamilyPlanningScraper - INFO - Converted 8 rows from aaData format
2025-02-24 16:18:27,268 - FamilyPlanningScraper - INFO - Fetching data for item CON006 via API
2025-02-24 16:18:27,554 - FamilyPlanningScraper - INFO - Converted 8 rows from aaData format
2025-02-24 16:18:27,717 - FamilyPlanningScraper - INFO - Fetching data for item CON001 via API
2025-02-24 16:18:28,104 - FamilyPlanningScraper - INFO - Converted 8 rows from aaData format
