2025-02-24 11:10:03,154 - FamilyPlanningScraper - INFO - Initializing session by accessing https://elmis.dgfp.gov.bd/dgfplmis_reports/sdpdataviewer/form2_view.php
2025-02-24 11:10:04,394 - FamilyPlanningScraper - INFO - Successfully initialized session
2025-02-24 11:10:04,396 - FamilyPlanningScraper - INFO - Fetching warehouses list
2025-02-24 11:10:06,105 - FamilyPlanningScraper - INFO - Successfully parsed 23 warehouses from JavaScript
2025-02-24 11:10:06,105 - FamilyPlanningScraper - INFO - Found 23 warehouses
2025-02-24 11:10:06,106 - FamilyPlanningScraper - INFO - Generated 1 year-month combinations to process
2025-02-24 11:10:06,112 - FamilyPlanningScraper - INFO - Using sequential processing
2025-02-24 11:10:06,112 - FamilyPlanningScraper - INFO - 
==================================================
Processing data for 2023-01
==================================================
2025-02-24 11:10:06,113 - FamilyPlanningScraper - INFO - Starting data collection for January 2023
2025-02-24 11:10:06,113 - FamilyPlanningScraper - INFO - Processing warehouse: Bandarban RWH for 2023-01
2025-02-24 11:10:06,375 - FamilyPlanningScraper - INFO - Found 7 upazilas for warehouse Bandarban RWH
2025-02-24 11:10:06,376 - FamilyPlanningScraper - INFO - Processing upazila: Alikadam, Bandarban
2025-02-24 11:10:06,635 - FamilyPlanningScraper - INFO - Found 2 unions for upazila Alikadam, Bandarban
2025-02-24 11:10:06,636 - FamilyPlanningScraper - INFO - Attempting to get data for Shukhi using API
2025-02-24 11:10:06,637 - FamilyPlanningScraper - INFO - Attempting to get data by directly scraping the web page
2025-02-24 11:10:06,637 - FamilyPlanningScraper - INFO - Attempting to scrape item data directly from web page
2025-02-24 11:10:06,896 - FamilyPlanningScraper - WARNING - Could not find data table in HTML
2025-02-24 11:10:06,897 - FamilyPlanningScraper - INFO - Attempting to get data using primary API endpoint
2025-02-24 11:10:07,159 - FamilyPlanningScraper - INFO - Attempting to get data by downloading Excel
2025-02-24 11:10:09,418 - FamilyPlanningScraper - INFO - Attempting to get data for Shukhi by scraping HTML
2025-02-24 11:10:09,421 - FamilyPlanningScraper - INFO - Attempting to scrape item data directly from web page
2025-02-24 11:10:09,682 - FamilyPlanningScraper - WARNING - Could not find data table in HTML
