2025-02-24 16:52:25,374 - ImprovedDBScraper - INFO - Loaded progress data from scraper_progress.pkl
2025-02-24 16:52:25,387 - ImprovedDBScraper - INFO - Form_F2_Data table exists
2025-02-24 16:52:25,400 - ImprovedDBScraper - INFO - Database connection successful
2025-02-24 16:52:25,406 - ImprovedDBScraper - INFO - Generated 36 year-month combinations to process
2025-02-24 16:52:25,407 - ImprovedDBScraper - INFO - Auto-resuming from local progress: 2020-02
2025-02-24 16:52:25,407 - ImprovedDBScraper - INFO - Filtering to process only warehouse: Dhaka CWH (ID: WH-017)
2025-02-24 16:52:25,410 - ImprovedDBScraper - INFO - Using concurrent processing with 4 workers
2025-02-24 16:52:25,415 - ImprovedDBScraper - INFO - 
==================================================
Processing data for 2020-02
==================================================
2025-02-24 16:52:25,416 - ImprovedDBScraper - INFO - 
==================================================
Processing data for 2020-03
==================================================
2025-02-24 16:52:25,417 - ImprovedDBScraper - INFO - Processing warehouse: Dhaka CWH for 2020-02
2025-02-24 16:52:25,417 - ImprovedDBScraper - INFO - 
==================================================
Processing data for 2020-04
==================================================
2025-02-24 16:52:25,417 - ImprovedDBScraper - INFO - Processing warehouse: Dhaka CWH for 2020-03
2025-02-24 16:52:25,417 - ImprovedDBScraper - INFO - 
==================================================
Processing data for 2020-05
==================================================
2025-02-24 16:52:25,422 - ImprovedDBScraper - INFO - Processing warehouse: Dhaka CWH for 2020-04
2025-02-24 16:52:25,426 - ImprovedDBScraper - INFO - Processing warehouse: Dhaka CWH for 2020-05
2025-02-24 16:52:25,763 - ImprovedDBScraper - INFO - Found 37 upazilas for warehouse Dhaka CWH
2025-02-24 16:52:25,763 - ImprovedDBScraper - INFO - Processing upazila: Araihazar, Narayanganj
2025-02-24 16:52:26,062 - ImprovedDBScraper - INFO - Found 12 unions for upazila Araihazar, Narayanganj
2025-02-24 16:52:26,062 - ImprovedDBScraper - INFO - Union 01. Satgram already processed. Skipping.
2025-02-24 16:52:27,297 - ImprovedDBScraper - INFO - Found 37 upazilas for warehouse Dhaka CWH
2025-02-24 16:52:27,297 - ImprovedDBScraper - INFO - Found 37 upazilas for warehouse Dhaka CWH
2025-02-24 16:52:27,297 - ImprovedDBScraper - INFO - Processing upazila: Araihazar, Narayanganj
2025-02-24 16:52:27,297 - ImprovedDBScraper - INFO - Found 37 upazilas for warehouse Dhaka CWH
2025-02-24 16:52:27,297 - ImprovedDBScraper - INFO - Processing upazila: Araihazar, Narayanganj
2025-02-24 16:52:27,301 - ImprovedDBScraper - INFO - Processing upazila: Araihazar, Narayanganj
2025-02-24 16:52:27,579 - ImprovedDBScraper - INFO - Found 12 unions for upazila Araihazar, Narayanganj
2025-02-24 16:52:27,579 - ImprovedDBScraper - INFO - Union 01. Satgram already processed. Skipping.
2025-02-24 16:52:27,579 - ImprovedDBScraper - INFO - Found 12 unions for upazila Araihazar, Narayanganj
2025-02-24 16:52:27,579 - ImprovedDBScraper - INFO - Union 01. Satgram already processed. Skipping.
2025-02-24 16:52:27,593 - ImprovedDBScraper - INFO - Found 12 unions for upazila Araihazar, Narayanganj
2025-02-24 16:52:27,593 - ImprovedDBScraper - INFO - Processing union: 01. Satgram
2025-02-24 16:52:27,593 - ImprovedDBScraper - INFO - Getting available item tabs for union 01. Satgram
2025-02-24 16:52:27,909 - ImprovedDBScraper - INFO - Found 12 item tabs
2025-02-24 16:52:27,909 - ImprovedDBScraper - INFO - Processing item Shukhi for 01. Satgram, Araihazar, Narayanganj
2025-02-24 16:52:28,354 - ImprovedDBScraper - INFO - Inserted 8 records for Shukhi in 01. Satgram, Araihazar, Narayanganj
2025-02-24 16:52:28,925 - ImprovedDBScraper - INFO - Processing item Shukhi (3rd Gen) for 01. Satgram, Araihazar, Narayanganj
2025-02-24 16:52:28,963 - ImprovedDBScraper - INFO - Union 02. Duptara already processed. Skipping.
2025-02-24 16:52:29,149 - ImprovedDBScraper - INFO - Union 02. Duptara already processed. Skipping.
2025-02-24 16:52:29,377 - ImprovedDBScraper - INFO - Inserted 8 records for Shukhi (3rd Gen) in 01. Satgram, Araihazar, Narayanganj
2025-02-24 16:52:29,793 - ImprovedDBScraper - INFO - Union 02. Duptara already processed. Skipping.
2025-02-24 16:52:29,972 - ImprovedDBScraper - INFO - Processing item Oral Pill (Total) for 01. Satgram, Araihazar, Narayanganj
2025-02-24 16:52:30,528 - ImprovedDBScraper - INFO - Inserted 8 records for Oral Pill (Total) in 01. Satgram, Araihazar, Narayanganj
2025-02-24 16:52:31,092 - ImprovedDBScraper - INFO - Union 03. Bramondi already processed. Skipping.
2025-02-24 16:52:31,094 - ImprovedDBScraper - INFO - Union 03. Bramondi already processed. Skipping.
2025-02-24 16:52:31,486 - ImprovedDBScraper - INFO - Union 03. Bramondi already processed. Skipping.
2025-02-24 16:52:31,641 - ImprovedDBScraper - INFO - Processing item Oral Pill Apon for 01. Satgram, Araihazar, Narayanganj
2025-02-24 16:52:32,138 - ImprovedDBScraper - INFO - Inserted 8 records for Oral Pill Apon in 01. Satgram, Araihazar, Narayanganj
2025-02-24 16:52:32,916 - ImprovedDBScraper - INFO - Union 04. Araihazar already processed. Skipping.
2025-02-24 16:52:32,992 - ImprovedDBScraper - INFO - Union 04. Araihazar already processed. Skipping.
2025-02-24 16:52:33,233 - ImprovedDBScraper - INFO - Processing item Condom for 01. Satgram, Araihazar, Narayanganj
2025-02-24 16:52:33,637 - ImprovedDBScraper - INFO - Inserted 8 records for Condom in 01. Satgram, Araihazar, Narayanganj
2025-02-24 16:52:34,174 - ImprovedDBScraper - INFO - Union 04. Araihazar already processed. Skipping.
2025-02-24 16:52:34,590 - ImprovedDBScraper - INFO - Processing item Injectables (Vials) for 01. Satgram, Araihazar, Narayanganj
2025-02-24 16:52:34,983 - ImprovedDBScraper - INFO - Processing union: 05. Fatehpur
2025-02-24 16:52:34,984 - ImprovedDBScraper - INFO - Getting available item tabs for union 05. Fatehpur
2025-02-24 16:52:35,135 - ImprovedDBScraper - INFO - Inserted 8 records for Injectables (Vials) in 01. Satgram, Araihazar, Narayanganj
2025-02-24 16:52:35,291 - ImprovedDBScraper - INFO - Found 12 item tabs
2025-02-24 16:52:35,291 - ImprovedDBScraper - INFO - Item Shukhi for 05. Fatehpur, Araihazar, Narayanganj already processed. Skipping.
2025-02-24 16:52:35,775 - ImprovedDBScraper - INFO - Processing union: 05. Fatehpur
2025-02-24 16:52:35,775 - ImprovedDBScraper - INFO - Getting available item tabs for union 05. Fatehpur
2025-02-24 16:52:36,061 - ImprovedDBScraper - INFO - Found 12 item tabs
2025-02-24 16:52:36,061 - ImprovedDBScraper - INFO - Item Shukhi for 05. Fatehpur, Araihazar, Narayanganj already processed. Skipping.
2025-02-24 16:52:36,303 - ImprovedDBScraper - INFO - Processing item AD Syringe (1ML) for 01. Satgram, Araihazar, Narayanganj
2025-02-24 16:52:36,406 - ImprovedDBScraper - INFO - Item Shukhi (3rd Gen) for 05. Fatehpur, Araihazar, Narayanganj already processed. Skipping.
2025-02-24 16:52:36,584 - ImprovedDBScraper - INFO - Processing union: 05. Fatehpur
2025-02-24 16:52:36,584 - ImprovedDBScraper - INFO - Getting available item tabs for union 05. Fatehpur
2025-02-24 16:52:36,720 - ImprovedDBScraper - INFO - Inserted 8 records for AD Syringe (1ML) in 01. Satgram, Araihazar, Narayanganj
2025-02-24 16:52:36,764 - ImprovedDBScraper - INFO - Item Shukhi (3rd Gen) for 05. Fatehpur, Araihazar, Narayanganj already processed. Skipping.
2025-02-24 16:52:37,210 - ImprovedDBScraper - INFO - Item Oral Pill (Total) for 05. Fatehpur, Araihazar, Narayanganj already processed. Skipping.
2025-02-24 16:52:37,420 - ImprovedDBScraper - INFO - Item Oral Pill (Total) for 05. Fatehpur, Araihazar, Narayanganj already processed. Skipping.
2025-02-24 16:52:37,663 - ImprovedDBScraper - INFO - Processing item ECP for 01. Satgram, Araihazar, Narayanganj
2025-02-24 16:52:37,955 - ImprovedDBScraper - INFO - Item Oral Pill Apon for 05. Fatehpur, Araihazar, Narayanganj already processed. Skipping.
2025-02-24 16:52:38,124 - ImprovedDBScraper - INFO - Found 12 item tabs
2025-02-24 16:52:38,124 - ImprovedDBScraper - INFO - Item Shukhi for 05. Fatehpur, Araihazar, Narayanganj already processed. Skipping.
2025-02-24 16:52:38,177 - ImprovedDBScraper - INFO - Item Oral Pill Apon for 05. Fatehpur, Araihazar, Narayanganj already processed. Skipping.
2025-02-24 16:52:38,193 - ImprovedDBScraper - INFO - Inserted 8 records for ECP in 01. Satgram, Araihazar, Narayanganj
2025-02-24 16:52:38,916 - ImprovedDBScraper - INFO - Item Condom for 05. Fatehpur, Araihazar, Narayanganj already processed. Skipping.
2025-02-24 16:52:39,174 - ImprovedDBScraper - INFO - Processing item Tab. Misoprostol (Dose) for 01. Satgram, Araihazar, Narayanganj
2025-02-24 16:52:39,436 - ImprovedDBScraper - INFO - Processing item Condom for 05. Fatehpur, Araihazar, Narayanganj
2025-02-24 16:52:39,448 - ImprovedDBScraper - INFO - Item Shukhi (3rd Gen) for 05. Fatehpur, Araihazar, Narayanganj already processed. Skipping.
2025-02-24 16:52:39,613 - ImprovedDBScraper - INFO - Inserted 8 records for Tab. Misoprostol (Dose) in 01. Satgram, Araihazar, Narayanganj
2025-02-24 16:52:39,799 - ImprovedDBScraper - INFO - Inserted 4 records for Condom in 05. Fatehpur, Araihazar, Narayanganj
2025-02-24 16:52:40,301 - ImprovedDBScraper - INFO - Item Oral Pill (Total) for 05. Fatehpur, Araihazar, Narayanganj already processed. Skipping.
2025-02-24 16:52:40,339 - ImprovedDBScraper - INFO - Processing item Injectables (Vials) for 05. Fatehpur, Araihazar, Narayanganj
2025-02-24 16:52:40,593 - ImprovedDBScraper - INFO - Processing item Injectables (Vials) for 05. Fatehpur, Araihazar, Narayanganj
2025-02-24 16:52:40,630 - ImprovedDBScraper - INFO - Processing item 7.1% CHLOROHEXIDINE for 01. Satgram, Araihazar, Narayanganj
2025-02-24 16:52:40,704 - ImprovedDBScraper - INFO - Inserted 4 records for Injectables (Vials) in 05. Fatehpur, Araihazar, Narayanganj
2025-02-24 16:52:40,976 - ImprovedDBScraper - INFO - Inserted 4 records for Injectables (Vials) in 05. Fatehpur, Araihazar, Narayanganj
2025-02-24 16:52:41,073 - ImprovedDBScraper - INFO - Inserted 8 records for 7.1% CHLOROHEXIDINE in 01. Satgram, Araihazar, Narayanganj
2025-02-24 16:52:41,307 - ImprovedDBScraper - INFO - Item Oral Pill Apon for 05. Fatehpur, Araihazar, Narayanganj already processed. Skipping.
2025-02-24 16:52:41,680 - ImprovedDBScraper - INFO - Processing item MNP(SUSSET) for 01. Satgram, Araihazar, Narayanganj
2025-02-24 16:52:41,687 - ImprovedDBScraper - INFO - Processing item AD Syringe (1ML) for 05. Fatehpur, Araihazar, Narayanganj
2025-02-24 16:52:42,005 - ImprovedDBScraper - INFO - Processing item AD Syringe (1ML) for 05. Fatehpur, Araihazar, Narayanganj
2025-02-24 16:52:42,111 - ImprovedDBScraper - INFO - Inserted 4 records for AD Syringe (1ML) in 05. Fatehpur, Araihazar, Narayanganj
2025-02-24 16:52:42,163 - ImprovedDBScraper - INFO - Item Condom for 05. Fatehpur, Araihazar, Narayanganj already processed. Skipping.
2025-02-24 16:52:42,167 - ImprovedDBScraper - INFO - Inserted 8 records for MNP(SUSSET) in 01. Satgram, Araihazar, Narayanganj
2025-02-24 16:52:42,844 - ImprovedDBScraper - INFO - Processing item Iron-Folic Acid (NOS)  for 01. Satgram, Araihazar, Narayanganj
2025-02-24 16:52:43,005 - ImprovedDBScraper - INFO - Processing item ECP for 05. Fatehpur, Araihazar, Narayanganj
2025-02-24 16:52:43,027 - ImprovedDBScraper - INFO - Item Injectables (Vials) for 05. Fatehpur, Araihazar, Narayanganj already processed. Skipping.
2025-02-24 16:52:43,318 - ImprovedDBScraper - INFO - Inserted 8 records for Iron-Folic Acid (NOS)  in 01. Satgram, Araihazar, Narayanganj
2025-02-24 16:52:43,388 - ImprovedDBScraper - INFO - Inserted 4 records for ECP in 05. Fatehpur, Araihazar, Narayanganj
2025-02-24 16:52:43,550 - ImprovedDBScraper - INFO - Inserted 4 records for AD Syringe (1ML) in 05. Fatehpur, Araihazar, Narayanganj
2025-02-24 16:52:43,903 - ImprovedDBScraper - INFO - Processing item Tab. Misoprostol (Dose) for 05. Fatehpur, Araihazar, Narayanganj
2025-02-24 16:52:44,204 - ImprovedDBScraper - INFO - Item AD Syringe (1ML) for 05. Fatehpur, Araihazar, Narayanganj already processed. Skipping.
2025-02-24 16:52:44,369 - ImprovedDBScraper - INFO - Inserted 4 records for Tab. Misoprostol (Dose) in 05. Fatehpur, Araihazar, Narayanganj
2025-02-24 16:52:44,638 - ImprovedDBScraper - INFO - Processing item ECP for 05. Fatehpur, Araihazar, Narayanganj
2025-02-24 16:52:45,074 - ImprovedDBScraper - INFO - Inserted 4 records for ECP in 05. Fatehpur, Araihazar, Narayanganj
2025-02-24 16:52:45,545 - ImprovedDBScraper - INFO - Processing item 7.1% CHLOROHEXIDINE for 05. Fatehpur, Araihazar, Narayanganj
2025-02-24 16:52:45,556 - ImprovedDBScraper - INFO - Item ECP for 05. Fatehpur, Araihazar, Narayanganj already processed. Skipping.
2025-02-24 16:52:46,000 - ImprovedDBScraper - INFO - Inserted 4 records for 7.1% CHLOROHEXIDINE in 05. Fatehpur, Araihazar, Narayanganj
2025-02-24 16:52:46,572 - ImprovedDBScraper - INFO - Processing item Tab. Misoprostol (Dose) for 05. Fatehpur, Araihazar, Narayanganj
2025-02-24 16:52:46,583 - ImprovedDBScraper - INFO - Item Tab. Misoprostol (Dose) for 05. Fatehpur, Araihazar, Narayanganj already processed. Skipping.
2025-02-24 16:52:46,655 - ImprovedDBScraper - INFO - Processing union: 02. Duptara
2025-02-24 16:52:46,655 - ImprovedDBScraper - INFO - Getting available item tabs for union 02. Duptara
2025-02-24 16:52:46,959 - ImprovedDBScraper - INFO - Found 12 item tabs
2025-02-24 16:52:46,961 - ImprovedDBScraper - INFO - Processing item Shukhi for 02. Duptara, Araihazar, Narayanganj
2025-02-24 16:52:47,018 - ImprovedDBScraper - INFO - Inserted 4 records for Tab. Misoprostol (Dose) in 05. Fatehpur, Araihazar, Narayanganj
